{"C:\\Users\\MrHen\\OneDrive\\Desktop\\projekt\\SmartWorkArt\\backend\\middleware\\authMiddleware.js": {"path":"C:\\Users\\MrHen\\OneDrive\\Desktop\\projekt\\SmartWorkArt\\backend\\middleware\\authMiddleware.js","statementMap":{"0":{"start":{"line":1,"column":12},"end":{"line":1,"column":35}},"1":{"start":{"line":2,"column":21},"end":{"line":2,"column":53}},"2":{"start":{"line":3,"column":13},"end":{"line":3,"column":41}},"3":{"start":{"line":5,"column":16},"end":{"line":36,"column":2}},"4":{"start":{"line":9,"column":4},"end":{"line":30,"column":5}},"5":{"start":{"line":13,"column":8},"end":{"line":29,"column":9}},"6":{"start":{"line":15,"column":12},"end":{"line":15,"column":60}},"7":{"start":{"line":18,"column":28},"end":{"line":18,"column":69}},"8":{"start":{"line":22,"column":12},"end":{"line":22,"column":75}},"9":{"start":{"line":24,"column":12},"end":{"line":24,"column":19}},"10":{"start":{"line":26,"column":12},"end":{"line":26,"column":33}},"11":{"start":{"line":27,"column":12},"end":{"line":27,"column":28}},"12":{"start":{"line":28,"column":12},"end":{"line":28,"column":71}},"13":{"start":{"line":32,"column":4},"end":{"line":35,"column":5}},"14":{"start":{"line":33,"column":8},"end":{"line":33,"column":24}},"15":{"start":{"line":34,"column":8},"end":{"line":34,"column":57}},"16":{"start":{"line":39,"column":14},"end":{"line":46,"column":1}},"17":{"start":{"line":40,"column":4},"end":{"line":45,"column":5}},"18":{"start":{"line":41,"column":8},"end":{"line":41,"column":15}},"19":{"start":{"line":43,"column":8},"end":{"line":43,"column":24}},"20":{"start":{"line":44,"column":8},"end":{"line":44,"column":64}},"21":{"start":{"line":48,"column":0},"end":{"line":48,"column":36}}},"fnMap":{"0":{"name":"(anonymous_0)","decl":{"start":{"line":5,"column":29},"end":{"line":5,"column":30}},"loc":{"start":{"line":5,"column":55},"end":{"line":36,"column":1}},"line":5},"1":{"name":"(anonymous_1)","decl":{"start":{"line":39,"column":14},"end":{"line":39,"column":15}},"loc":{"start":{"line":39,"column":34},"end":{"line":46,"column":1}},"line":39}},"branchMap":{"0":{"loc":{"start":{"line":9,"column":4},"end":{"line":30,"column":5}},"type":"if","locations":[{"start":{"line":9,"column":4},"end":{"line":30,"column":5}},{"start":{},"end":{}}],"line":9},"1":{"loc":{"start":{"line":10,"column":8},"end":{"line":11,"column":54}},"type":"binary-expr","locations":[{"start":{"line":10,"column":8},"end":{"line":10,"column":33}},{"start":{"line":11,"column":8},"end":{"line":11,"column":54}}],"line":10},"2":{"loc":{"start":{"line":32,"column":4},"end":{"line":35,"column":5}},"type":"if","locations":[{"start":{"line":32,"column":4},"end":{"line":35,"column":5}},{"start":{},"end":{}}],"line":32},"3":{"loc":{"start":{"line":40,"column":4},"end":{"line":45,"column":5}},"type":"if","locations":[{"start":{"line":40,"column":4},"end":{"line":45,"column":5}},{"start":{"line":42,"column":11},"end":{"line":45,"column":5}}],"line":40},"4":{"loc":{"start":{"line":40,"column":8},"end":{"line":40,"column":79}},"type":"binary-expr","locations":[{"start":{"line":40,"column":8},"end":{"line":40,"column":16}},{"start":{"line":40,"column":21},"end":{"line":40,"column":46}},{"start":{"line":40,"column":50},"end":{"line":40,"column":78}}],"line":40}},"s":{"0":1,"1":1,"2":1,"3":1,"4":0,"5":0,"6":0,"7":0,"8":0,"9":0,"10":0,"11":0,"12":0,"13":0,"14":0,"15":0,"16":1,"17":0,"18":0,"19":0,"20":0,"21":1},"f":{"0":0,"1":0},"b":{"0":[0,0],"1":[0,0],"2":[0,0],"3":[0,0],"4":[0,0,0]},"_coverageSchema":"1a1c01bbd47fc00a2c39e90264f33305004495a9","hash":"55cc4e8d90c26f514e1de54dd38a3c7236808058"}
,"C:\\Users\\MrHen\\OneDrive\\Desktop\\projekt\\SmartWorkArt\\backend\\middleware\\errorMiddleware.js": {"path":"C:\\Users\\MrHen\\OneDrive\\Desktop\\projekt\\SmartWorkArt\\backend\\middleware\\errorMiddleware.js","statementMap":{"0":{"start":{"line":10,"column":21},"end":{"line":55,"column":1}},"1":{"start":{"line":11,"column":4},"end":{"line":17,"column":7}},"2":{"start":{"line":20,"column":16},"end":{"line":20,"column":26}},"3":{"start":{"line":21,"column":4},"end":{"line":21,"column":32}},"4":{"start":{"line":24,"column":4},"end":{"line":27,"column":5}},"5":{"start":{"line":25,"column":24},"end":{"line":25,"column":45}},"6":{"start":{"line":26,"column":8},"end":{"line":26,"column":41}},"7":{"start":{"line":29,"column":4},"end":{"line":32,"column":5}},"8":{"start":{"line":30,"column":24},"end":{"line":30,"column":60}},"9":{"start":{"line":31,"column":8},"end":{"line":31,"column":41}},"10":{"start":{"line":34,"column":4},"end":{"line":37,"column":5}},"11":{"start":{"line":35,"column":24},"end":{"line":35,"column":84}},"12":{"start":{"line":35,"column":61},"end":{"line":35,"column":72}},"13":{"start":{"line":36,"column":8},"end":{"line":36,"column":41}},"14":{"start":{"line":39,"column":4},"end":{"line":42,"column":5}},"15":{"start":{"line":40,"column":24},"end":{"line":40,"column":42}},"16":{"start":{"line":41,"column":8},"end":{"line":41,"column":41}},"17":{"start":{"line":44,"column":4},"end":{"line":47,"column":5}},"18":{"start":{"line":45,"column":24},"end":{"line":45,"column":42}},"19":{"start":{"line":46,"column":8},"end":{"line":46,"column":41}},"20":{"start":{"line":50,"column":4},"end":{"line":54,"column":7}},"21":{"start":{"line":60,"column":17},"end":{"line":64,"column":1}},"22":{"start":{"line":61,"column":18},"end":{"line":61,"column":70}},"23":{"start":{"line":62,"column":4},"end":{"line":62,"column":20}},"24":{"start":{"line":63,"column":4},"end":{"line":63,"column":16}},"25":{"start":{"line":70,"column":21},"end":{"line":72,"column":1}},"26":{"start":{"line":70,"column":29},"end":{"line":72,"column":1}},"27":{"start":{"line":71,"column":4},"end":{"line":71,"column":52}},"28":{"start":{"line":77,"column":24},"end":{"line":93,"column":1}},"29":{"start":{"line":78,"column":4},"end":{"line":92,"column":6}},"30":{"start":{"line":79,"column":8},"end":{"line":91,"column":9}},"31":{"start":{"line":80,"column":30},"end":{"line":80,"column":60}},"32":{"start":{"line":81,"column":12},"end":{"line":87,"column":13}},"33":{"start":{"line":82,"column":16},"end":{"line":86,"column":19}},"34":{"start":{"line":85,"column":52},"end":{"line":85,"column":61}},"35":{"start":{"line":88,"column":12},"end":{"line":88,"column":19}},"36":{"start":{"line":90,"column":12},"end":{"line":90,"column":22}},"37":{"start":{"line":98,"column":24},"end":{"line":126,"column":1}},"38":{"start":{"line":99,"column":21},"end":{"line":99,"column":30}},"39":{"start":{"line":101,"column":4},"end":{"line":125,"column":6}},"40":{"start":{"line":102,"column":20},"end":{"line":102,"column":58}},"41":{"start":{"line":103,"column":20},"end":{"line":103,"column":30}},"42":{"start":{"line":104,"column":28},"end":{"line":104,"column":42}},"43":{"start":{"line":107,"column":8},"end":{"line":110,"column":9}},"44":{"start":{"line":108,"column":33},"end":{"line":108,"column":85}},"45":{"start":{"line":108,"column":66},"end":{"line":108,"column":84}},"46":{"start":{"line":109,"column":12},"end":{"line":109,"column":44}},"47":{"start":{"line":112,"column":29},"end":{"line":112,"column":52}},"48":{"start":{"line":114,"column":8},"end":{"line":120,"column":9}},"49":{"start":{"line":115,"column":12},"end":{"line":119,"column":15}},"50":{"start":{"line":122,"column":8},"end":{"line":122,"column":31}},"51":{"start":{"line":123,"column":8},"end":{"line":123,"column":40}},"52":{"start":{"line":124,"column":8},"end":{"line":124,"column":15}},"53":{"start":{"line":131,"column":30},"end":{"line":159,"column":1}},"54":{"start":{"line":132,"column":4},"end":{"line":138,"column":7}},"55":{"start":{"line":133,"column":8},"end":{"line":133,"column":73}},"56":{"start":{"line":134,"column":8},"end":{"line":137,"column":11}},"57":{"start":{"line":135,"column":12},"end":{"line":135,"column":65}},"58":{"start":{"line":136,"column":12},"end":{"line":136,"column":28}},"59":{"start":{"line":140,"column":4},"end":{"line":146,"column":7}},"60":{"start":{"line":141,"column":8},"end":{"line":141,"column":72}},"61":{"start":{"line":142,"column":8},"end":{"line":145,"column":11}},"62":{"start":{"line":143,"column":12},"end":{"line":143,"column":65}},"63":{"start":{"line":144,"column":12},"end":{"line":144,"column":28}},"64":{"start":{"line":149,"column":4},"end":{"line":152,"column":7}},"65":{"start":{"line":150,"column":8},"end":{"line":150,"column":65}},"66":{"start":{"line":155,"column":4},"end":{"line":158,"column":7}},"67":{"start":{"line":156,"column":8},"end":{"line":156,"column":57}},"68":{"start":{"line":161,"column":0},"end":{"line":168,"column":2}}},"fnMap":{"0":{"name":"(anonymous_0)","decl":{"start":{"line":10,"column":21},"end":{"line":10,"column":22}},"loc":{"start":{"line":10,"column":46},"end":{"line":55,"column":1}},"line":10},"1":{"name":"(anonymous_1)","decl":{"start":{"line":35,"column":54},"end":{"line":35,"column":55}},"loc":{"start":{"line":35,"column":61},"end":{"line":35,"column":72}},"line":35},"2":{"name":"(anonymous_2)","decl":{"start":{"line":60,"column":17},"end":{"line":60,"column":18}},"loc":{"start":{"line":60,"column":37},"end":{"line":64,"column":1}},"line":60},"3":{"name":"(anonymous_3)","decl":{"start":{"line":70,"column":21},"end":{"line":70,"column":22}},"loc":{"start":{"line":70,"column":29},"end":{"line":72,"column":1}},"line":70},"4":{"name":"(anonymous_4)","decl":{"start":{"line":70,"column":29},"end":{"line":70,"column":30}},"loc":{"start":{"line":70,"column":49},"end":{"line":72,"column":1}},"line":70},"5":{"name":"(anonymous_5)","decl":{"start":{"line":77,"column":24},"end":{"line":77,"column":25}},"loc":{"start":{"line":77,"column":55},"end":{"line":93,"column":1}},"line":77},"6":{"name":"(anonymous_6)","decl":{"start":{"line":78,"column":11},"end":{"line":78,"column":12}},"loc":{"start":{"line":78,"column":31},"end":{"line":92,"column":5}},"line":78},"7":{"name":"(anonymous_7)","decl":{"start":{"line":85,"column":47},"end":{"line":85,"column":48}},"loc":{"start":{"line":85,"column":52},"end":{"line":85,"column":61}},"line":85},"8":{"name":"(anonymous_8)","decl":{"start":{"line":98,"column":24},"end":{"line":98,"column":25}},"loc":{"start":{"line":98,"column":66},"end":{"line":126,"column":1}},"line":98},"9":{"name":"(anonymous_9)","decl":{"start":{"line":101,"column":11},"end":{"line":101,"column":12}},"loc":{"start":{"line":101,"column":31},"end":{"line":125,"column":5}},"line":101},"10":{"name":"(anonymous_10)","decl":{"start":{"line":108,"column":58},"end":{"line":108,"column":59}},"loc":{"start":{"line":108,"column":66},"end":{"line":108,"column":84}},"line":108},"11":{"name":"(anonymous_11)","decl":{"start":{"line":131,"column":30},"end":{"line":131,"column":31}},"loc":{"start":{"line":131,"column":42},"end":{"line":159,"column":1}},"line":131},"12":{"name":"(anonymous_12)","decl":{"start":{"line":132,"column":26},"end":{"line":132,"column":27}},"loc":{"start":{"line":132,"column":32},"end":{"line":138,"column":5}},"line":132},"13":{"name":"(anonymous_13)","decl":{"start":{"line":134,"column":21},"end":{"line":134,"column":22}},"loc":{"start":{"line":134,"column":27},"end":{"line":137,"column":9}},"line":134},"14":{"name":"(anonymous_14)","decl":{"start":{"line":140,"column":25},"end":{"line":140,"column":26}},"loc":{"start":{"line":140,"column":31},"end":{"line":146,"column":5}},"line":140},"15":{"name":"(anonymous_15)","decl":{"start":{"line":142,"column":21},"end":{"line":142,"column":22}},"loc":{"start":{"line":142,"column":27},"end":{"line":145,"column":9}},"line":142},"16":{"name":"(anonymous_16)","decl":{"start":{"line":149,"column":37},"end":{"line":149,"column":38}},"loc":{"start":{"line":149,"column":55},"end":{"line":152,"column":5}},"line":149},"17":{"name":"(anonymous_17)","decl":{"start":{"line":155,"column":36},"end":{"line":155,"column":37}},"loc":{"start":{"line":155,"column":45},"end":{"line":158,"column":5}},"line":155}},"branchMap":{"0":{"loc":{"start":{"line":24,"column":4},"end":{"line":27,"column":5}},"type":"if","locations":[{"start":{"line":24,"column":4},"end":{"line":27,"column":5}},{"start":{},"end":{}}],"line":24},"1":{"loc":{"start":{"line":29,"column":4},"end":{"line":32,"column":5}},"type":"if","locations":[{"start":{"line":29,"column":4},"end":{"line":32,"column":5}},{"start":{},"end":{}}],"line":29},"2":{"loc":{"start":{"line":34,"column":4},"end":{"line":37,"column":5}},"type":"if","locations":[{"start":{"line":34,"column":4},"end":{"line":37,"column":5}},{"start":{},"end":{}}],"line":34},"3":{"loc":{"start":{"line":39,"column":4},"end":{"line":42,"column":5}},"type":"if","locations":[{"start":{"line":39,"column":4},"end":{"line":42,"column":5}},{"start":{},"end":{}}],"line":39},"4":{"loc":{"start":{"line":44,"column":4},"end":{"line":47,"column":5}},"type":"if","locations":[{"start":{"line":44,"column":4},"end":{"line":47,"column":5}},{"start":{},"end":{}}],"line":44},"5":{"loc":{"start":{"line":50,"column":15},"end":{"line":50,"column":34}},"type":"binary-expr","locations":[{"start":{"line":50,"column":15},"end":{"line":50,"column":27}},{"start":{"line":50,"column":31},"end":{"line":50,"column":34}}],"line":50},"6":{"loc":{"start":{"line":52,"column":15},"end":{"line":52,"column":47}},"type":"binary-expr","locations":[{"start":{"line":52,"column":15},"end":{"line":52,"column":28}},{"start":{"line":52,"column":32},"end":{"line":52,"column":47}}],"line":52},"7":{"loc":{"start":{"line":53,"column":12},"end":{"line":53,"column":74}},"type":"binary-expr","locations":[{"start":{"line":53,"column":12},"end":{"line":53,"column":50}},{"start":{"line":53,"column":54},"end":{"line":53,"column":74}}],"line":53},"8":{"loc":{"start":{"line":77,"column":33},"end":{"line":77,"column":50}},"type":"default-arg","locations":[{"start":{"line":77,"column":44},"end":{"line":77,"column":50}}],"line":77},"9":{"loc":{"start":{"line":81,"column":12},"end":{"line":87,"column":13}},"type":"if","locations":[{"start":{"line":81,"column":12},"end":{"line":87,"column":13}},{"start":{},"end":{}}],"line":81},"10":{"loc":{"start":{"line":98,"column":25},"end":{"line":98,"column":50}},"type":"default-arg","locations":[{"start":{"line":98,"column":36},"end":{"line":98,"column":50}}],"line":98},"11":{"loc":{"start":{"line":98,"column":52},"end":{"line":98,"column":61}},"type":"default-arg","locations":[{"start":{"line":98,"column":58},"end":{"line":98,"column":61}}],"line":98},"12":{"loc":{"start":{"line":102,"column":20},"end":{"line":102,"column":58}},"type":"binary-expr","locations":[{"start":{"line":102,"column":20},"end":{"line":102,"column":26}},{"start":{"line":102,"column":30},"end":{"line":102,"column":58}}],"line":102},"13":{"loc":{"start":{"line":107,"column":8},"end":{"line":110,"column":9}},"type":"if","locations":[{"start":{"line":107,"column":8},"end":{"line":110,"column":9}},{"start":{},"end":{}}],"line":107},"14":{"loc":{"start":{"line":112,"column":29},"end":{"line":112,"column":52}},"type":"binary-expr","locations":[{"start":{"line":112,"column":29},"end":{"line":112,"column":46}},{"start":{"line":112,"column":50},"end":{"line":112,"column":52}}],"line":112},"15":{"loc":{"start":{"line":114,"column":8},"end":{"line":120,"column":9}},"type":"if","locations":[{"start":{"line":114,"column":8},"end":{"line":120,"column":9}},{"start":{},"end":{}}],"line":114}},"s":{"0":1,"1":0,"2":0,"3":0,"4":0,"5":0,"6":0,"7":0,"8":0,"9":0,"10":0,"11":0,"12":0,"13":0,"14":0,"15":0,"16":0,"17":0,"18":0,"19":0,"20":0,"21":1,"22":0,"23":0,"24":0,"25":1,"26":2,"27":0,"28":1,"29":0,"30":0,"31":0,"32":0,"33":0,"34":0,"35":0,"36":0,"37":1,"38":0,"39":0,"40":0,"41":0,"42":0,"43":0,"44":0,"45":0,"46":0,"47":0,"48":0,"49":0,"50":0,"51":0,"52":0,"53":1,"54":0,"55":0,"56":0,"57":0,"58":0,"59":0,"60":0,"61":0,"62":0,"63":0,"64":0,"65":0,"66":0,"67":0,"68":1},"f":{"0":0,"1":0,"2":0,"3":2,"4":0,"5":0,"6":0,"7":0,"8":0,"9":0,"10":0,"11":0,"12":0,"13":0,"14":0,"15":0,"16":0,"17":0},"b":{"0":[0,0],"1":[0,0],"2":[0,0],"3":[0,0],"4":[0,0],"5":[0,0],"6":[0,0],"7":[0,0],"8":[0],"9":[0,0],"10":[0],"11":[0],"12":[0,0],"13":[0,0],"14":[0,0],"15":[0,0]},"_coverageSchema":"1a1c01bbd47fc00a2c39e90264f33305004495a9","hash":"b9035340ba051240bd11f0539a0033bee39198be"}
,"C:\\Users\\MrHen\\OneDrive\\Desktop\\projekt\\SmartWorkArt\\backend\\middleware\\securityMiddleware.js": {"path":"C:\\Users\\MrHen\\OneDrive\\Desktop\\projekt\\SmartWorkArt\\backend\\middleware\\securityMiddleware.js","statementMap":{"0":{"start":{"line":6,"column":18},"end":{"line":6,"column":47}},"1":{"start":{"line":7,"column":17},"end":{"line":7,"column":45}},"2":{"start":{"line":8,"column":15},"end":{"line":8,"column":32}},"3":{"start":{"line":14,"column":24},"end":{"line":36,"column":1}},"4":{"start":{"line":15,"column":4},"end":{"line":35,"column":7}},"5":{"start":{"line":41,"column":27},"end":{"line":61,"column":1}},"6":{"start":{"line":42,"column":4},"end":{"line":60,"column":7}},"7":{"start":{"line":53,"column":12},"end":{"line":53,"column":83}},"8":{"start":{"line":54,"column":12},"end":{"line":58,"column":15}},"9":{"start":{"line":66,"column":23},"end":{"line":70,"column":1}},"10":{"start":{"line":75,"column":26},"end":{"line":79,"column":1}},"11":{"start":{"line":84,"column":21},"end":{"line":89,"column":2}},"12":{"start":{"line":94,"column":22},"end":{"line":135,"column":1}},"13":{"start":{"line":96,"column":27},"end":{"line":102,"column":5}},"14":{"start":{"line":97,"column":8},"end":{"line":97,"column":48}},"15":{"start":{"line":97,"column":37},"end":{"line":97,"column":48}},"16":{"start":{"line":98,"column":8},"end":{"line":101,"column":40}},"17":{"start":{"line":104,"column":27},"end":{"line":122,"column":5}},"18":{"start":{"line":105,"column":8},"end":{"line":105,"column":64}},"19":{"start":{"line":105,"column":53},"end":{"line":105,"column":64}},"20":{"start":{"line":107,"column":26},"end":{"line":107,"column":54}},"21":{"start":{"line":109,"column":8},"end":{"line":119,"column":9}},"22":{"start":{"line":110,"column":12},"end":{"line":118,"column":13}},"23":{"start":{"line":111,"column":16},"end":{"line":117,"column":17}},"24":{"start":{"line":112,"column":20},"end":{"line":112,"column":62}},"25":{"start":{"line":113,"column":23},"end":{"line":117,"column":17}},"26":{"start":{"line":114,"column":20},"end":{"line":114,"column":62}},"27":{"start":{"line":116,"column":20},"end":{"line":116,"column":46}},"28":{"start":{"line":121,"column":8},"end":{"line":121,"column":25}},"29":{"start":{"line":125,"column":4},"end":{"line":127,"column":5}},"30":{"start":{"line":126,"column":8},"end":{"line":126,"column":44}},"31":{"start":{"line":130,"column":4},"end":{"line":132,"column":5}},"32":{"start":{"line":131,"column":8},"end":{"line":131,"column":46}},"33":{"start":{"line":134,"column":4},"end":{"line":134,"column":11}},"34":{"start":{"line":140,"column":25},"end":{"line":158,"column":1}},"35":{"start":{"line":141,"column":4},"end":{"line":157,"column":6}},"36":{"start":{"line":142,"column":8},"end":{"line":144,"column":9}},"37":{"start":{"line":143,"column":12},"end":{"line":143,"column":26}},"38":{"start":{"line":146,"column":25},"end":{"line":146,"column":63}},"39":{"start":{"line":148,"column":8},"end":{"line":154,"column":9}},"40":{"start":{"line":149,"column":12},"end":{"line":149,"column":93}},"41":{"start":{"line":150,"column":12},"end":{"line":153,"column":15}},"42":{"start":{"line":156,"column":8},"end":{"line":156,"column":15}},"43":{"start":{"line":163,"column":23},"end":{"line":182,"column":1}},"44":{"start":{"line":164,"column":20},"end":{"line":171,"column":5}},"45":{"start":{"line":174,"column":31},"end":{"line":174,"column":74}},"46":{"start":{"line":175,"column":24},"end":{"line":175,"column":87}},"47":{"start":{"line":175,"column":60},"end":{"line":175,"column":86}},"48":{"start":{"line":177,"column":4},"end":{"line":179,"column":5}},"49":{"start":{"line":178,"column":8},"end":{"line":178,"column":65}},"50":{"start":{"line":181,"column":4},"end":{"line":181,"column":11}},"51":{"start":{"line":187,"column":33},"end":{"line":216,"column":1}},"52":{"start":{"line":188,"column":22},"end":{"line":188,"column":23}},"53":{"start":{"line":189,"column":25},"end":{"line":189,"column":47}},"54":{"start":{"line":190,"column":25},"end":{"line":190,"column":47}},"55":{"start":{"line":191,"column":23},"end":{"line":191,"column":42}},"56":{"start":{"line":192,"column":27},"end":{"line":192,"column":66}},"57":{"start":{"line":194,"column":19},"end":{"line":194,"column":21}},"58":{"start":{"line":196,"column":4},"end":{"line":198,"column":5}},"59":{"start":{"line":197,"column":8},"end":{"line":197,"column":79}},"60":{"start":{"line":199,"column":4},"end":{"line":201,"column":5}},"61":{"start":{"line":200,"column":8},"end":{"line":200,"column":79}},"62":{"start":{"line":202,"column":4},"end":{"line":204,"column":5}},"63":{"start":{"line":203,"column":8},"end":{"line":203,"column":80}},"64":{"start":{"line":205,"column":4},"end":{"line":207,"column":5}},"65":{"start":{"line":206,"column":8},"end":{"line":206,"column":68}},"66":{"start":{"line":208,"column":4},"end":{"line":210,"column":5}},"67":{"start":{"line":209,"column":8},"end":{"line":209,"column":76}},"68":{"start":{"line":212,"column":4},"end":{"line":215,"column":6}},"69":{"start":{"line":221,"column":27},"end":{"line":235,"column":1}},"70":{"start":{"line":222,"column":4},"end":{"line":232,"column":5}},"71":{"start":{"line":223,"column":27},"end":{"line":223,"column":70}},"72":{"start":{"line":225,"column":8},"end":{"line":231,"column":9}},"73":{"start":{"line":226,"column":12},"end":{"line":230,"column":15}},"74":{"start":{"line":234,"column":4},"end":{"line":234,"column":11}},"75":{"start":{"line":237,"column":0},"end":{"line":248,"column":2}}},"fnMap":{"0":{"name":"(anonymous_0)","decl":{"start":{"line":14,"column":24},"end":{"line":14,"column":25}},"loc":{"start":{"line":14,"column":30},"end":{"line":36,"column":1}},"line":14},"1":{"name":"(anonymous_1)","decl":{"start":{"line":41,"column":27},"end":{"line":41,"column":28}},"loc":{"start":{"line":41,"column":85},"end":{"line":61,"column":1}},"line":41},"2":{"name":"(anonymous_2)","decl":{"start":{"line":52,"column":17},"end":{"line":52,"column":18}},"loc":{"start":{"line":52,"column":31},"end":{"line":59,"column":9}},"line":52},"3":{"name":"(anonymous_3)","decl":{"start":{"line":94,"column":22},"end":{"line":94,"column":23}},"loc":{"start":{"line":94,"column":42},"end":{"line":135,"column":1}},"line":94},"4":{"name":"(anonymous_4)","decl":{"start":{"line":96,"column":27},"end":{"line":96,"column":28}},"loc":{"start":{"line":96,"column":36},"end":{"line":102,"column":5}},"line":96},"5":{"name":"(anonymous_5)","decl":{"start":{"line":104,"column":27},"end":{"line":104,"column":28}},"loc":{"start":{"line":104,"column":36},"end":{"line":122,"column":5}},"line":104},"6":{"name":"(anonymous_6)","decl":{"start":{"line":140,"column":25},"end":{"line":140,"column":26}},"loc":{"start":{"line":140,"column":46},"end":{"line":158,"column":1}},"line":140},"7":{"name":"(anonymous_7)","decl":{"start":{"line":141,"column":11},"end":{"line":141,"column":12}},"loc":{"start":{"line":141,"column":31},"end":{"line":157,"column":5}},"line":141},"8":{"name":"(anonymous_8)","decl":{"start":{"line":163,"column":23},"end":{"line":163,"column":24}},"loc":{"start":{"line":163,"column":43},"end":{"line":182,"column":1}},"line":163},"9":{"name":"(anonymous_9)","decl":{"start":{"line":175,"column":48},"end":{"line":175,"column":49}},"loc":{"start":{"line":175,"column":60},"end":{"line":175,"column":86}},"line":175},"10":{"name":"(anonymous_10)","decl":{"start":{"line":187,"column":33},"end":{"line":187,"column":34}},"loc":{"start":{"line":187,"column":47},"end":{"line":216,"column":1}},"line":187},"11":{"name":"(anonymous_11)","decl":{"start":{"line":221,"column":27},"end":{"line":221,"column":28}},"loc":{"start":{"line":221,"column":47},"end":{"line":235,"column":1}},"line":221}},"branchMap":{"0":{"loc":{"start":{"line":41,"column":28},"end":{"line":41,"column":53}},"type":"default-arg","locations":[{"start":{"line":41,"column":39},"end":{"line":41,"column":53}}],"line":41},"1":{"loc":{"start":{"line":41,"column":55},"end":{"line":41,"column":64}},"type":"default-arg","locations":[{"start":{"line":41,"column":61},"end":{"line":41,"column":64}}],"line":41},"2":{"loc":{"start":{"line":41,"column":66},"end":{"line":41,"column":80}},"type":"default-arg","locations":[{"start":{"line":41,"column":76},"end":{"line":41,"column":80}}],"line":41},"3":{"loc":{"start":{"line":45,"column":17},"end":{"line":49,"column":9}},"type":"binary-expr","locations":[{"start":{"line":45,"column":17},"end":{"line":45,"column":24}},{"start":{"line":45,"column":28},"end":{"line":49,"column":9}}],"line":45},"4":{"loc":{"start":{"line":97,"column":8},"end":{"line":97,"column":48}},"type":"if","locations":[{"start":{"line":97,"column":8},"end":{"line":97,"column":48}},{"start":{},"end":{}}],"line":97},"5":{"loc":{"start":{"line":105,"column":8},"end":{"line":105,"column":64}},"type":"if","locations":[{"start":{"line":105,"column":8},"end":{"line":105,"column":64}},{"start":{},"end":{}}],"line":105},"6":{"loc":{"start":{"line":105,"column":12},"end":{"line":105,"column":51}},"type":"binary-expr","locations":[{"start":{"line":105,"column":12},"end":{"line":105,"column":35}},{"start":{"line":105,"column":39},"end":{"line":105,"column":51}}],"line":105},"7":{"loc":{"start":{"line":107,"column":26},"end":{"line":107,"column":54}},"type":"cond-expr","locations":[{"start":{"line":107,"column":47},"end":{"line":107,"column":49}},{"start":{"line":107,"column":52},"end":{"line":107,"column":54}}],"line":107},"8":{"loc":{"start":{"line":110,"column":12},"end":{"line":118,"column":13}},"type":"if","locations":[{"start":{"line":110,"column":12},"end":{"line":118,"column":13}},{"start":{},"end":{}}],"line":110},"9":{"loc":{"start":{"line":111,"column":16},"end":{"line":117,"column":17}},"type":"if","locations":[{"start":{"line":111,"column":16},"end":{"line":117,"column":17}},{"start":{"line":113,"column":23},"end":{"line":117,"column":17}}],"line":111},"10":{"loc":{"start":{"line":113,"column":23},"end":{"line":117,"column":17}},"type":"if","locations":[{"start":{"line":113,"column":23},"end":{"line":117,"column":17}},{"start":{"line":115,"column":23},"end":{"line":117,"column":17}}],"line":113},"11":{"loc":{"start":{"line":125,"column":4},"end":{"line":127,"column":5}},"type":"if","locations":[{"start":{"line":125,"column":4},"end":{"line":127,"column":5}},{"start":{},"end":{}}],"line":125},"12":{"loc":{"start":{"line":130,"column":4},"end":{"line":132,"column":5}},"type":"if","locations":[{"start":{"line":130,"column":4},"end":{"line":132,"column":5}},{"start":{},"end":{}}],"line":130},"13":{"loc":{"start":{"line":140,"column":26},"end":{"line":140,"column":41}},"type":"default-arg","locations":[{"start":{"line":140,"column":39},"end":{"line":140,"column":41}}],"line":140},"14":{"loc":{"start":{"line":142,"column":8},"end":{"line":144,"column":9}},"type":"if","locations":[{"start":{"line":142,"column":8},"end":{"line":144,"column":9}},{"start":{},"end":{}}],"line":142},"15":{"loc":{"start":{"line":146,"column":25},"end":{"line":146,"column":63}},"type":"binary-expr","locations":[{"start":{"line":146,"column":25},"end":{"line":146,"column":31}},{"start":{"line":146,"column":35},"end":{"line":146,"column":63}}],"line":146},"16":{"loc":{"start":{"line":148,"column":8},"end":{"line":154,"column":9}},"type":"if","locations":[{"start":{"line":148,"column":8},"end":{"line":154,"column":9}},{"start":{},"end":{}}],"line":148},"17":{"loc":{"start":{"line":177,"column":4},"end":{"line":179,"column":5}},"type":"if","locations":[{"start":{"line":177,"column":4},"end":{"line":179,"column":5}},{"start":{},"end":{}}],"line":177},"18":{"loc":{"start":{"line":196,"column":4},"end":{"line":198,"column":5}},"type":"if","locations":[{"start":{"line":196,"column":4},"end":{"line":198,"column":5}},{"start":{},"end":{}}],"line":196},"19":{"loc":{"start":{"line":199,"column":4},"end":{"line":201,"column":5}},"type":"if","locations":[{"start":{"line":199,"column":4},"end":{"line":201,"column":5}},{"start":{},"end":{}}],"line":199},"20":{"loc":{"start":{"line":202,"column":4},"end":{"line":204,"column":5}},"type":"if","locations":[{"start":{"line":202,"column":4},"end":{"line":204,"column":5}},{"start":{},"end":{}}],"line":202},"21":{"loc":{"start":{"line":205,"column":4},"end":{"line":207,"column":5}},"type":"if","locations":[{"start":{"line":205,"column":4},"end":{"line":207,"column":5}},{"start":{},"end":{}}],"line":205},"22":{"loc":{"start":{"line":208,"column":4},"end":{"line":210,"column":5}},"type":"if","locations":[{"start":{"line":208,"column":4},"end":{"line":210,"column":5}},{"start":{},"end":{}}],"line":208},"23":{"loc":{"start":{"line":222,"column":4},"end":{"line":232,"column":5}},"type":"if","locations":[{"start":{"line":222,"column":4},"end":{"line":232,"column":5}},{"start":{},"end":{}}],"line":222},"24":{"loc":{"start":{"line":225,"column":8},"end":{"line":231,"column":9}},"type":"if","locations":[{"start":{"line":225,"column":8},"end":{"line":231,"column":9}},{"start":{},"end":{}}],"line":225}},"s":{"0":0,"1":0,"2":0,"3":0,"4":0,"5":0,"6":0,"7":0,"8":0,"9":0,"10":0,"11":0,"12":0,"13":0,"14":0,"15":0,"16":0,"17":0,"18":0,"19":0,"20":0,"21":0,"22":0,"23":0,"24":0,"25":0,"26":0,"27":0,"28":0,"29":0,"30":0,"31":0,"32":0,"33":0,"34":0,"35":0,"36":0,"37":0,"38":0,"39":0,"40":0,"41":0,"42":0,"43":0,"44":0,"45":0,"46":0,"47":0,"48":0,"49":0,"50":0,"51":0,"52":0,"53":0,"54":0,"55":0,"56":0,"57":0,"58":0,"59":0,"60":0,"61":0,"62":0,"63":0,"64":0,"65":0,"66":0,"67":0,"68":0,"69":0,"70":0,"71":0,"72":0,"73":0,"74":0,"75":0},"f":{"0":0,"1":0,"2":0,"3":0,"4":0,"5":0,"6":0,"7":0,"8":0,"9":0,"10":0,"11":0},"b":{"0":[0],"1":[0],"2":[0],"3":[0,0],"4":[0,0],"5":[0,0],"6":[0,0],"7":[0,0],"8":[0,0],"9":[0,0],"10":[0,0],"11":[0,0],"12":[0,0],"13":[0],"14":[0,0],"15":[0,0],"16":[0,0],"17":[0,0],"18":[0,0],"19":[0,0],"20":[0,0],"21":[0,0],"22":[0,0],"23":[0,0],"24":[0,0]}}
,"C:\\Users\\MrHen\\OneDrive\\Desktop\\projekt\\SmartWorkArt\\backend\\modules\\admin\\routes.js": {"path":"C:\\Users\\MrHen\\OneDrive\\Desktop\\projekt\\SmartWorkArt\\backend\\modules\\admin\\routes.js","statementMap":{"0":{"start":{"line":1,"column":16},"end":{"line":1,"column":34}},"1":{"start":{"line":2,"column":15},"end":{"line":2,"column":31}},"2":{"start":{"line":3,"column":27},"end":{"line":3,"column":69}},"3":{"start":{"line":6,"column":20},"end":{"line":6,"column":74}},"4":{"start":{"line":7,"column":19},"end":{"line":7,"column":72}},"5":{"start":{"line":8,"column":20},"end":{"line":8,"column":74}},"6":{"start":{"line":9,"column":19},"end":{"line":9,"column":72}},"7":{"start":{"line":11,"column":24},"end":{"line":11,"column":79}},"8":{"start":{"line":12,"column":27},"end":{"line":12,"column":85}},"9":{"start":{"line":14,"column":19},"end":{"line":14,"column":74}},"10":{"start":{"line":15,"column":22},"end":{"line":15,"column":80}},"11":{"start":{"line":16,"column":17},"end":{"line":16,"column":70}},"12":{"start":{"line":19,"column":0},"end":{"line":19,"column":56}},"13":{"start":{"line":20,"column":0},"end":{"line":20,"column":94}},"14":{"start":{"line":21,"column":0},"end":{"line":21,"column":68}},"15":{"start":{"line":24,"column":0},"end":{"line":24,"column":108}},"16":{"start":{"line":27,"column":0},"end":{"line":27,"column":92}},"17":{"start":{"line":28,"column":0},"end":{"line":28,"column":53}},"18":{"start":{"line":30,"column":0},"end":{"line":30,"column":24}}},"fnMap":{},"branchMap":{},"s":{"0":0,"1":0,"2":0,"3":0,"4":0,"5":0,"6":0,"7":0,"8":0,"9":0,"10":0,"11":0,"12":0,"13":0,"14":0,"15":0,"16":0,"17":0,"18":0},"f":{},"b":{}}
,"C:\\Users\\MrHen\\OneDrive\\Desktop\\projekt\\SmartWorkArt\\backend\\modules\\admin\\controller\\field-config\\getCustomFields.js": {"path":"C:\\Users\\MrHen\\OneDrive\\Desktop\\projekt\\SmartWorkArt\\backend\\modules\\admin\\controller\\field-config\\getCustomFields.js","statementMap":{"0":{"start":{"line":1,"column":11},"end":{"line":1,"column":33}},"1":{"start":{"line":2,"column":13},"end":{"line":2,"column":28}},"2":{"start":{"line":5,"column":25},"end":{"line":5,"column":91}},"3":{"start":{"line":13,"column":4},"end":{"line":20,"column":5}},"4":{"start":{"line":14,"column":21},"end":{"line":14,"column":65}},"5":{"start":{"line":15,"column":23},"end":{"line":15,"column":39}},"6":{"start":{"line":16,"column":8},"end":{"line":16,"column":37}},"7":{"start":{"line":18,"column":8},"end":{"line":18,"column":105}},"8":{"start":{"line":19,"column":8},"end":{"line":19,"column":88}},"9":{"start":{"line":23,"column":0},"end":{"line":23,"column":33}}},"fnMap":{"0":{"name":"getCustomFields","decl":{"start":{"line":12,"column":15},"end":{"line":12,"column":30}},"loc":{"start":{"line":12,"column":41},"end":{"line":21,"column":1}},"line":12}},"branchMap":{},"s":{"0":0,"1":0,"2":0,"3":0,"4":0,"5":0,"6":0,"7":0,"8":0,"9":0},"f":{"0":0},"b":{}}
,"C:\\Users\\MrHen\\OneDrive\\Desktop\\projekt\\SmartWorkArt\\backend\\modules\\admin\\controller\\field-config\\updateCustomFields.js": {"path":"C:\\Users\\MrHen\\OneDrive\\Desktop\\projekt\\SmartWorkArt\\backend\\modules\\admin\\controller\\field-config\\updateCustomFields.js","statementMap":{"0":{"start":{"line":1,"column":11},"end":{"line":1,"column":33}},"1":{"start":{"line":2,"column":13},"end":{"line":2,"column":28}},"2":{"start":{"line":5,"column":25},"end":{"line":5,"column":91}},"3":{"start":{"line":13,"column":4},"end":{"line":28,"column":5}},"4":{"start":{"line":14,"column":26},"end":{"line":14,"column":34}},"5":{"start":{"line":17,"column":8},"end":{"line":19,"column":9}},"6":{"start":{"line":18,"column":12},"end":{"line":18,"column":123}},"7":{"start":{"line":22,"column":8},"end":{"line":22,"column":90}},"8":{"start":{"line":24,"column":8},"end":{"line":24,"column":104}},"9":{"start":{"line":26,"column":8},"end":{"line":26,"column":83}},"10":{"start":{"line":27,"column":8},"end":{"line":27,"column":96}},"11":{"start":{"line":31,"column":0},"end":{"line":31,"column":36}}},"fnMap":{"0":{"name":"updateCustomFields","decl":{"start":{"line":12,"column":15},"end":{"line":12,"column":33}},"loc":{"start":{"line":12,"column":44},"end":{"line":29,"column":1}},"line":12}},"branchMap":{"0":{"loc":{"start":{"line":17,"column":8},"end":{"line":19,"column":9}},"type":"if","locations":[{"start":{"line":17,"column":8},"end":{"line":19,"column":9}},{"start":{},"end":{}}],"line":17}},"s":{"0":0,"1":0,"2":0,"3":0,"4":0,"5":0,"6":0,"7":0,"8":0,"9":0,"10":0,"11":0},"f":{"0":0},"b":{"0":[0,0]}}
,"C:\\Users\\MrHen\\OneDrive\\Desktop\\projekt\\SmartWorkArt\\backend\\modules\\admin\\controller\\module-management\\getModules.js": {"path":"C:\\Users\\MrHen\\OneDrive\\Desktop\\projekt\\SmartWorkArt\\backend\\modules\\admin\\controller\\module-management\\getModules.js","statementMap":{"0":{"start":{"line":1,"column":11},"end":{"line":1,"column":33}},"1":{"start":{"line":2,"column":13},"end":{"line":2,"column":28}},"2":{"start":{"line":5,"column":26},"end":{"line":5,"column":92}},"3":{"start":{"line":11,"column":4},"end":{"line":18,"column":5}},"4":{"start":{"line":12,"column":21},"end":{"line":12,"column":66}},"5":{"start":{"line":13,"column":24},"end":{"line":13,"column":40}},"6":{"start":{"line":14,"column":8},"end":{"line":14,"column":38}},"7":{"start":{"line":16,"column":8},"end":{"line":16,"column":81}},"8":{"start":{"line":17,"column":8},"end":{"line":17,"column":95}},"9":{"start":{"line":21,"column":0},"end":{"line":21,"column":28}}},"fnMap":{"0":{"name":"getModules","decl":{"start":{"line":10,"column":15},"end":{"line":10,"column":25}},"loc":{"start":{"line":10,"column":36},"end":{"line":19,"column":1}},"line":10}},"branchMap":{},"s":{"0":0,"1":0,"2":0,"3":0,"4":0,"5":0,"6":0,"7":0,"8":0,"9":0},"f":{"0":0},"b":{}}
,"C:\\Users\\MrHen\\OneDrive\\Desktop\\projekt\\SmartWorkArt\\backend\\modules\\admin\\controller\\module-management\\getRoles.js": {"path":"C:\\Users\\MrHen\\OneDrive\\Desktop\\projekt\\SmartWorkArt\\backend\\modules\\admin\\controller\\module-management\\getRoles.js","statementMap":{"0":{"start":{"line":1,"column":13},"end":{"line":1,"column":50}},"1":{"start":{"line":8,"column":4},"end":{"line":20,"column":5}},"2":{"start":{"line":10,"column":22},"end":{"line":10,"column":57}},"3":{"start":{"line":12,"column":8},"end":{"line":14,"column":9}},"4":{"start":{"line":13,"column":12},"end":{"line":13,"column":98}},"5":{"start":{"line":16,"column":8},"end":{"line":16,"column":36}},"6":{"start":{"line":18,"column":8},"end":{"line":18,"column":72}},"7":{"start":{"line":19,"column":8},"end":{"line":19,"column":83}},"8":{"start":{"line":23,"column":0},"end":{"line":23,"column":26}}},"fnMap":{"0":{"name":"getRoles","decl":{"start":{"line":7,"column":15},"end":{"line":7,"column":23}},"loc":{"start":{"line":7,"column":34},"end":{"line":21,"column":1}},"line":7}},"branchMap":{"0":{"loc":{"start":{"line":12,"column":8},"end":{"line":14,"column":9}},"type":"if","locations":[{"start":{"line":12,"column":8},"end":{"line":14,"column":9}},{"start":{},"end":{}}],"line":12}},"s":{"0":0,"1":0,"2":0,"3":0,"4":0,"5":0,"6":0,"7":0,"8":0},"f":{"0":0},"b":{"0":[0,0]}}
,"C:\\Users\\MrHen\\OneDrive\\Desktop\\projekt\\SmartWorkArt\\backend\\modules\\admin\\controller\\module-management\\updateModules.js": {"path":"C:\\Users\\MrHen\\OneDrive\\Desktop\\projekt\\SmartWorkArt\\backend\\modules\\admin\\controller\\module-management\\updateModules.js","statementMap":{"0":{"start":{"line":1,"column":11},"end":{"line":1,"column":33}},"1":{"start":{"line":2,"column":13},"end":{"line":2,"column":28}},"2":{"start":{"line":5,"column":26},"end":{"line":5,"column":92}},"3":{"start":{"line":11,"column":29},"end":{"line":11,"column":37}},"4":{"start":{"line":14,"column":4},"end":{"line":16,"column":5}},"5":{"start":{"line":15,"column":8},"end":{"line":15,"column":116}},"6":{"start":{"line":18,"column":4},"end":{"line":26,"column":5}},"7":{"start":{"line":20,"column":21},"end":{"line":20,"column":62}},"8":{"start":{"line":21,"column":8},"end":{"line":21,"column":61}},"9":{"start":{"line":22,"column":8},"end":{"line":22,"column":91}},"10":{"start":{"line":24,"column":8},"end":{"line":24,"column":85}},"11":{"start":{"line":25,"column":8},"end":{"line":25,"column":101}},"12":{"start":{"line":29,"column":0},"end":{"line":29,"column":31}}},"fnMap":{"0":{"name":"updateModules","decl":{"start":{"line":10,"column":15},"end":{"line":10,"column":28}},"loc":{"start":{"line":10,"column":39},"end":{"line":27,"column":1}},"line":10}},"branchMap":{"0":{"loc":{"start":{"line":14,"column":4},"end":{"line":16,"column":5}},"type":"if","locations":[{"start":{"line":14,"column":4},"end":{"line":16,"column":5}},{"start":{},"end":{}}],"line":14}},"s":{"0":0,"1":0,"2":0,"3":0,"4":0,"5":0,"6":0,"7":0,"8":0,"9":0,"10":0,"11":0,"12":0},"f":{"0":0},"b":{"0":[0,0]}}
,"C:\\Users\\MrHen\\OneDrive\\Desktop\\projekt\\SmartWorkArt\\backend\\modules\\admin\\controller\\user-management\\approveUser.js": {"path":"C:\\Users\\MrHen\\OneDrive\\Desktop\\projekt\\SmartWorkArt\\backend\\modules\\admin\\controller\\user-management\\approveUser.js","statementMap":{"0":{"start":{"line":1,"column":13},"end":{"line":1,"column":50}},"1":{"start":{"line":9,"column":4},"end":{"line":24,"column":5}},"2":{"start":{"line":10,"column":21},"end":{"line":14,"column":9}},"3":{"start":{"line":16,"column":8},"end":{"line":18,"column":9}},"4":{"start":{"line":17,"column":12},"end":{"line":17,"column":81}},"5":{"start":{"line":20,"column":8},"end":{"line":20,"column":83}},"6":{"start":{"line":22,"column":8},"end":{"line":22,"column":70}},"7":{"start":{"line":23,"column":8},"end":{"line":23,"column":89}},"8":{"start":{"line":27,"column":0},"end":{"line":27,"column":29}}},"fnMap":{"0":{"name":"approveUser","decl":{"start":{"line":8,"column":15},"end":{"line":8,"column":26}},"loc":{"start":{"line":8,"column":37},"end":{"line":25,"column":1}},"line":8}},"branchMap":{"0":{"loc":{"start":{"line":16,"column":8},"end":{"line":18,"column":9}},"type":"if","locations":[{"start":{"line":16,"column":8},"end":{"line":18,"column":9}},{"start":{},"end":{}}],"line":16}},"s":{"0":0,"1":0,"2":0,"3":0,"4":0,"5":0,"6":0,"7":0,"8":0},"f":{"0":0},"b":{"0":[0,0]}}
,"C:\\Users\\MrHen\\OneDrive\\Desktop\\projekt\\SmartWorkArt\\backend\\modules\\admin\\controller\\user-management\\deleteUser.js": {"path":"C:\\Users\\MrHen\\OneDrive\\Desktop\\projekt\\SmartWorkArt\\backend\\modules\\admin\\controller\\user-management\\deleteUser.js","statementMap":{"0":{"start":{"line":1,"column":13},"end":{"line":1,"column":50}},"1":{"start":{"line":9,"column":4},"end":{"line":21,"column":5}},"2":{"start":{"line":10,"column":23},"end":{"line":10,"column":36}},"3":{"start":{"line":11,"column":21},"end":{"line":11,"column":57}},"4":{"start":{"line":13,"column":8},"end":{"line":15,"column":9}},"5":{"start":{"line":14,"column":12},"end":{"line":14,"column":81}},"6":{"start":{"line":17,"column":8},"end":{"line":17,"column":76}},"7":{"start":{"line":19,"column":8},"end":{"line":19,"column":67}},"8":{"start":{"line":20,"column":8},"end":{"line":20,"column":86}},"9":{"start":{"line":24,"column":0},"end":{"line":24,"column":28}}},"fnMap":{"0":{"name":"deleteUser","decl":{"start":{"line":8,"column":15},"end":{"line":8,"column":25}},"loc":{"start":{"line":8,"column":36},"end":{"line":22,"column":1}},"line":8}},"branchMap":{"0":{"loc":{"start":{"line":13,"column":8},"end":{"line":15,"column":9}},"type":"if","locations":[{"start":{"line":13,"column":8},"end":{"line":15,"column":9}},{"start":{},"end":{}}],"line":13}},"s":{"0":0,"1":0,"2":0,"3":0,"4":0,"5":0,"6":0,"7":0,"8":0,"9":0},"f":{"0":0},"b":{"0":[0,0]}}
,"C:\\Users\\MrHen\\OneDrive\\Desktop\\projekt\\SmartWorkArt\\backend\\modules\\admin\\controller\\user-management\\getAllUsers.js": {"path":"C:\\Users\\MrHen\\OneDrive\\Desktop\\projekt\\SmartWorkArt\\backend\\modules\\admin\\controller\\user-management\\getAllUsers.js","statementMap":{"0":{"start":{"line":1,"column":13},"end":{"line":1,"column":50}},"1":{"start":{"line":8,"column":4},"end":{"line":15,"column":5}},"2":{"start":{"line":10,"column":22},"end":{"line":10,"column":61}},"3":{"start":{"line":11,"column":8},"end":{"line":11,"column":36}},"4":{"start":{"line":13,"column":8},"end":{"line":13,"column":66}},"5":{"start":{"line":14,"column":8},"end":{"line":14,"column":85}},"6":{"start":{"line":18,"column":0},"end":{"line":18,"column":29}}},"fnMap":{"0":{"name":"getAllUsers","decl":{"start":{"line":7,"column":15},"end":{"line":7,"column":26}},"loc":{"start":{"line":7,"column":37},"end":{"line":16,"column":1}},"line":7}},"branchMap":{},"s":{"0":0,"1":0,"2":0,"3":0,"4":0,"5":0,"6":0},"f":{"0":0},"b":{}}
,"C:\\Users\\MrHen\\OneDrive\\Desktop\\projekt\\SmartWorkArt\\backend\\modules\\admin\\controller\\user-management\\updateUser.js": {"path":"C:\\Users\\MrHen\\OneDrive\\Desktop\\projekt\\SmartWorkArt\\backend\\modules\\admin\\controller\\user-management\\updateUser.js","statementMap":{"0":{"start":{"line":1,"column":13},"end":{"line":1,"column":50}},"1":{"start":{"line":9,"column":4},"end":{"line":27,"column":5}},"2":{"start":{"line":10,"column":82},"end":{"line":10,"column":90}},"3":{"start":{"line":11,"column":28},"end":{"line":11,"column":93}},"4":{"start":{"line":13,"column":21},"end":{"line":17,"column":29}},"5":{"start":{"line":19,"column":8},"end":{"line":21,"column":9}},"6":{"start":{"line":20,"column":12},"end":{"line":20,"column":81}},"7":{"start":{"line":23,"column":8},"end":{"line":23,"column":86}},"8":{"start":{"line":25,"column":8},"end":{"line":25,"column":73}},"9":{"start":{"line":26,"column":8},"end":{"line":26,"column":92}},"10":{"start":{"line":30,"column":0},"end":{"line":30,"column":28}}},"fnMap":{"0":{"name":"updateUser","decl":{"start":{"line":8,"column":15},"end":{"line":8,"column":25}},"loc":{"start":{"line":8,"column":36},"end":{"line":28,"column":1}},"line":8}},"branchMap":{"0":{"loc":{"start":{"line":19,"column":8},"end":{"line":21,"column":9}},"type":"if","locations":[{"start":{"line":19,"column":8},"end":{"line":21,"column":9}},{"start":{},"end":{}}],"line":19}},"s":{"0":0,"1":0,"2":0,"3":0,"4":0,"5":0,"6":0,"7":0,"8":0,"9":0,"10":0},"f":{"0":0},"b":{"0":[0,0]}}
,"C:\\Users\\MrHen\\OneDrive\\Desktop\\projekt\\SmartWorkArt\\backend\\modules\\auth\\routes.js": {"path":"C:\\Users\\MrHen\\OneDrive\\Desktop\\projekt\\SmartWorkArt\\backend\\modules\\auth\\routes.js","statementMap":{"0":{"start":{"line":1,"column":16},"end":{"line":1,"column":34}},"1":{"start":{"line":2,"column":15},"end":{"line":2,"column":31}},"2":{"start":{"line":5,"column":18},"end":{"line":5,"column":51}},"3":{"start":{"line":6,"column":21},"end":{"line":6,"column":57}},"4":{"start":{"line":7,"column":31},"end":{"line":7,"column":77}},"5":{"start":{"line":8,"column":31},"end":{"line":8,"column":77}},"6":{"start":{"line":11,"column":20},"end":{"line":11,"column":62}},"7":{"start":{"line":12,"column":25},"end":{"line":12,"column":68}},"8":{"start":{"line":15,"column":0},"end":{"line":15,"column":33}},"9":{"start":{"line":16,"column":0},"end":{"line":16,"column":39}},"10":{"start":{"line":19,"column":0},"end":{"line":19,"column":76}},"11":{"start":{"line":20,"column":0},"end":{"line":20,"column":82}},"12":{"start":{"line":22,"column":0},"end":{"line":22,"column":24}}},"fnMap":{},"branchMap":{},"s":{"0":1,"1":1,"2":1,"3":1,"4":1,"5":1,"6":1,"7":1,"8":1,"9":1,"10":1,"11":1,"12":1},"f":{},"b":{},"_coverageSchema":"1a1c01bbd47fc00a2c39e90264f33305004495a9","hash":"fef7749b048c96e0022af3533418f4f8a2d386dd"}
,"C:\\Users\\MrHen\\OneDrive\\Desktop\\projekt\\SmartWorkArt\\backend\\modules\\auth\\controller\\getUnreadNotifications.js": {"path":"C:\\Users\\MrHen\\OneDrive\\Desktop\\projekt\\SmartWorkArt\\backend\\modules\\auth\\controller\\getUnreadNotifications.js","statementMap":{"0":{"start":{"line":1,"column":11},"end":{"line":1,"column":33}},"1":{"start":{"line":2,"column":13},"end":{"line":2,"column":28}},"2":{"start":{"line":3,"column":13},"end":{"line":3,"column":44}},"3":{"start":{"line":5,"column":30},"end":{"line":5,"column":96}},"4":{"start":{"line":7,"column":31},"end":{"line":34,"column":1}},"5":{"start":{"line":8,"column":4},"end":{"line":33,"column":5}},"6":{"start":{"line":10,"column":21},"end":{"line":10,"column":70}},"7":{"start":{"line":11,"column":33},"end":{"line":11,"column":49}},"8":{"start":{"line":14,"column":21},"end":{"line":14,"column":88}},"9":{"start":{"line":15,"column":8},"end":{"line":17,"column":9}},"10":{"start":{"line":16,"column":12},"end":{"line":16,"column":81}},"11":{"start":{"line":20,"column":36},"end":{"line":26,"column":10}},"12":{"start":{"line":21,"column":29},"end":{"line":21,"column":48}},"13":{"start":{"line":22,"column":32},"end":{"line":22,"column":76}},"14":{"start":{"line":23,"column":29},"end":{"line":23,"column":80}},"15":{"start":{"line":25,"column":12},"end":{"line":25,"column":55}},"16":{"start":{"line":28,"column":8},"end":{"line":28,"column":50}},"17":{"start":{"line":31,"column":8},"end":{"line":31,"column":88}},"18":{"start":{"line":32,"column":8},"end":{"line":32,"column":95}},"19":{"start":{"line":36,"column":0},"end":{"line":36,"column":40}}},"fnMap":{"0":{"name":"(anonymous_0)","decl":{"start":{"line":7,"column":31},"end":{"line":7,"column":32}},"loc":{"start":{"line":7,"column":51},"end":{"line":34,"column":1}},"line":7},"1":{"name":"(anonymous_1)","decl":{"start":{"line":20,"column":60},"end":{"line":20,"column":61}},"loc":{"start":{"line":20,"column":76},"end":{"line":26,"column":9}},"line":20}},"branchMap":{"0":{"loc":{"start":{"line":15,"column":8},"end":{"line":17,"column":9}},"type":"if","locations":[{"start":{"line":15,"column":8},"end":{"line":17,"column":9}},{"start":{},"end":{}}],"line":15},"1":{"loc":{"start":{"line":25,"column":19},"end":{"line":25,"column":54}},"type":"binary-expr","locations":[{"start":{"line":25,"column":19},"end":{"line":25,"column":27}},{"start":{"line":25,"column":31},"end":{"line":25,"column":42}},{"start":{"line":25,"column":46},"end":{"line":25,"column":54}}],"line":25}},"s":{"0":1,"1":1,"2":1,"3":1,"4":1,"5":0,"6":0,"7":0,"8":0,"9":0,"10":0,"11":0,"12":0,"13":0,"14":0,"15":0,"16":0,"17":0,"18":0,"19":1},"f":{"0":0,"1":0},"b":{"0":[0,0],"1":[0,0,0]},"_coverageSchema":"1a1c01bbd47fc00a2c39e90264f33305004495a9","hash":"54ad9a43429952169f98846a1fb0a358a8b128ce"}
,"C:\\Users\\MrHen\\OneDrive\\Desktop\\projekt\\SmartWorkArt\\backend\\modules\\auth\\controller\\loginUser.js": {"path":"C:\\Users\\MrHen\\OneDrive\\Desktop\\projekt\\SmartWorkArt\\backend\\modules\\auth\\controller\\loginUser.js","statementMap":{"0":{"start":{"line":1,"column":13},"end":{"line":1,"column":44}},"1":{"start":{"line":2,"column":12},"end":{"line":2,"column":35}},"2":{"start":{"line":5,"column":22},"end":{"line":10,"column":1}},"3":{"start":{"line":7,"column":4},"end":{"line":9,"column":7}},"4":{"start":{"line":18,"column":25},"end":{"line":24,"column":5}},"5":{"start":{"line":19,"column":8},"end":{"line":23,"column":11}},"6":{"start":{"line":26,"column":4},"end":{"line":60,"column":5}},"7":{"start":{"line":27,"column":36},"end":{"line":27,"column":44}},"8":{"start":{"line":29,"column":8},"end":{"line":31,"column":9}},"9":{"start":{"line":30,"column":12},"end":{"line":30,"column":87}},"10":{"start":{"line":34,"column":21},"end":{"line":34,"column":50}},"11":{"start":{"line":37,"column":8},"end":{"line":56,"column":9}},"12":{"start":{"line":39,"column":12},"end":{"line":41,"column":13}},"13":{"start":{"line":40,"column":16},"end":{"line":40,"column":91}},"14":{"start":{"line":43,"column":12},"end":{"line":52,"column":15}},"15":{"start":{"line":55,"column":12},"end":{"line":55,"column":71}},"16":{"start":{"line":58,"column":8},"end":{"line":58,"column":51}},"17":{"start":{"line":59,"column":8},"end":{"line":59,"column":68}},"18":{"start":{"line":63,"column":0},"end":{"line":63,"column":27}}},"fnMap":{"0":{"name":"(anonymous_0)","decl":{"start":{"line":5,"column":22},"end":{"line":5,"column":23}},"loc":{"start":{"line":5,"column":30},"end":{"line":10,"column":1}},"line":5},"1":{"name":"loginUser","decl":{"start":{"line":16,"column":15},"end":{"line":16,"column":24}},"loc":{"start":{"line":16,"column":35},"end":{"line":61,"column":1}},"line":16},"2":{"name":"(anonymous_2)","decl":{"start":{"line":18,"column":25},"end":{"line":18,"column":26}},"loc":{"start":{"line":18,"column":66},"end":{"line":24,"column":5}},"line":18}},"branchMap":{"0":{"loc":{"start":{"line":18,"column":52},"end":{"line":18,"column":61}},"type":"default-arg","locations":[{"start":{"line":18,"column":59},"end":{"line":18,"column":61}}],"line":18},"1":{"loc":{"start":{"line":29,"column":8},"end":{"line":31,"column":9}},"type":"if","locations":[{"start":{"line":29,"column":8},"end":{"line":31,"column":9}},{"start":{},"end":{}}],"line":29},"2":{"loc":{"start":{"line":29,"column":12},"end":{"line":29,"column":31}},"type":"binary-expr","locations":[{"start":{"line":29,"column":12},"end":{"line":29,"column":18}},{"start":{"line":29,"column":22},"end":{"line":29,"column":31}}],"line":29},"3":{"loc":{"start":{"line":37,"column":8},"end":{"line":56,"column":9}},"type":"if","locations":[{"start":{"line":37,"column":8},"end":{"line":56,"column":9}},{"start":{"line":53,"column":15},"end":{"line":56,"column":9}}],"line":37},"4":{"loc":{"start":{"line":37,"column":12},"end":{"line":37,"column":56}},"type":"binary-expr","locations":[{"start":{"line":37,"column":12},"end":{"line":37,"column":16}},{"start":{"line":37,"column":21},"end":{"line":37,"column":55}}],"line":37},"5":{"loc":{"start":{"line":39,"column":12},"end":{"line":41,"column":13}},"type":"if","locations":[{"start":{"line":39,"column":12},"end":{"line":41,"column":13}},{"start":{},"end":{}}],"line":39}},"s":{"0":1,"1":1,"2":1,"3":1,"4":4,"5":4,"6":4,"7":4,"8":4,"9":0,"10":4,"11":4,"12":2,"13":1,"14":1,"15":2,"16":0,"17":0,"18":1},"f":{"0":1,"1":4,"2":4},"b":{"0":[3],"1":[0,4],"2":[4,4],"3":[2,2],"4":[4,3],"5":[1,1]},"_coverageSchema":"1a1c01bbd47fc00a2c39e90264f33305004495a9","hash":"0701f0e0b28b385eb192a6b44caf3b05b73558b9"}
,"C:\\Users\\MrHen\\OneDrive\\Desktop\\projekt\\SmartWorkArt\\backend\\modules\\auth\\controller\\markNotificationAsRead.js": {"path":"C:\\Users\\MrHen\\OneDrive\\Desktop\\projekt\\SmartWorkArt\\backend\\modules\\auth\\controller\\markNotificationAsRead.js","statementMap":{"0":{"start":{"line":1,"column":13},"end":{"line":1,"column":44}},"1":{"start":{"line":3,"column":31},"end":{"line":26,"column":1}},"2":{"start":{"line":4,"column":4},"end":{"line":25,"column":5}},"3":{"start":{"line":5,"column":35},"end":{"line":5,"column":43}},"4":{"start":{"line":7,"column":8},"end":{"line":9,"column":9}},"5":{"start":{"line":8,"column":12},"end":{"line":8,"column":89}},"6":{"start":{"line":11,"column":21},"end":{"line":15,"column":9}},"7":{"start":{"line":17,"column":8},"end":{"line":19,"column":9}},"8":{"start":{"line":18,"column":12},"end":{"line":18,"column":81}},"9":{"start":{"line":21,"column":8},"end":{"line":21,"column":84}},"10":{"start":{"line":23,"column":8},"end":{"line":23,"column":88}},"11":{"start":{"line":24,"column":8},"end":{"line":24,"column":59}},"12":{"start":{"line":28,"column":0},"end":{"line":28,"column":40}}},"fnMap":{"0":{"name":"(anonymous_0)","decl":{"start":{"line":3,"column":31},"end":{"line":3,"column":32}},"loc":{"start":{"line":3,"column":51},"end":{"line":26,"column":1}},"line":3}},"branchMap":{"0":{"loc":{"start":{"line":7,"column":8},"end":{"line":9,"column":9}},"type":"if","locations":[{"start":{"line":7,"column":8},"end":{"line":9,"column":9}},{"start":{},"end":{}}],"line":7},"1":{"loc":{"start":{"line":17,"column":8},"end":{"line":19,"column":9}},"type":"if","locations":[{"start":{"line":17,"column":8},"end":{"line":19,"column":9}},{"start":{},"end":{}}],"line":17}},"s":{"0":1,"1":1,"2":0,"3":0,"4":0,"5":0,"6":0,"7":0,"8":0,"9":0,"10":0,"11":0,"12":1},"f":{"0":0},"b":{"0":[0,0],"1":[0,0]},"_coverageSchema":"1a1c01bbd47fc00a2c39e90264f33305004495a9","hash":"cbb0cf2923e5ed4c676c953459b874795743e872"}
,"C:\\Users\\MrHen\\OneDrive\\Desktop\\projekt\\SmartWorkArt\\backend\\modules\\auth\\controller\\registerUser.js": {"path":"C:\\Users\\MrHen\\OneDrive\\Desktop\\projekt\\SmartWorkArt\\backend\\modules\\auth\\controller\\registerUser.js","statementMap":{"0":{"start":{"line":1,"column":13},"end":{"line":1,"column":44}},"1":{"start":{"line":9,"column":25},"end":{"line":15,"column":5}},"2":{"start":{"line":10,"column":8},"end":{"line":14,"column":11}},"3":{"start":{"line":17,"column":4},"end":{"line":50,"column":5}},"4":{"start":{"line":18,"column":71},"end":{"line":18,"column":79}},"5":{"start":{"line":21,"column":8},"end":{"line":23,"column":9}},"6":{"start":{"line":22,"column":12},"end":{"line":22,"column":81}},"7":{"start":{"line":26,"column":27},"end":{"line":26,"column":56}},"8":{"start":{"line":28,"column":8},"end":{"line":30,"column":9}},"9":{"start":{"line":29,"column":12},"end":{"line":29,"column":105}},"10":{"start":{"line":33,"column":21},"end":{"line":40,"column":10}},"11":{"start":{"line":42,"column":8},"end":{"line":46,"column":9}},"12":{"start":{"line":43,"column":12},"end":{"line":43,"column":136}},"13":{"start":{"line":45,"column":12},"end":{"line":45,"column":72}},"14":{"start":{"line":48,"column":8},"end":{"line":48,"column":62}},"15":{"start":{"line":49,"column":8},"end":{"line":49,"column":79}},"16":{"start":{"line":53,"column":0},"end":{"line":53,"column":30}}},"fnMap":{"0":{"name":"registerUser","decl":{"start":{"line":7,"column":15},"end":{"line":7,"column":27}},"loc":{"start":{"line":7,"column":38},"end":{"line":51,"column":1}},"line":7},"1":{"name":"(anonymous_1)","decl":{"start":{"line":9,"column":25},"end":{"line":9,"column":26}},"loc":{"start":{"line":9,"column":66},"end":{"line":15,"column":5}},"line":9}},"branchMap":{"0":{"loc":{"start":{"line":9,"column":52},"end":{"line":9,"column":61}},"type":"default-arg","locations":[{"start":{"line":9,"column":59},"end":{"line":9,"column":61}}],"line":9},"1":{"loc":{"start":{"line":21,"column":8},"end":{"line":23,"column":9}},"type":"if","locations":[{"start":{"line":21,"column":8},"end":{"line":23,"column":9}},{"start":{},"end":{}}],"line":21},"2":{"loc":{"start":{"line":21,"column":12},"end":{"line":21,"column":58}},"type":"binary-expr","locations":[{"start":{"line":21,"column":12},"end":{"line":21,"column":22}},{"start":{"line":21,"column":26},"end":{"line":21,"column":35}},{"start":{"line":21,"column":39},"end":{"line":21,"column":45}},{"start":{"line":21,"column":49},"end":{"line":21,"column":58}}],"line":21},"3":{"loc":{"start":{"line":28,"column":8},"end":{"line":30,"column":9}},"type":"if","locations":[{"start":{"line":28,"column":8},"end":{"line":30,"column":9}},{"start":{},"end":{}}],"line":28},"4":{"loc":{"start":{"line":42,"column":8},"end":{"line":46,"column":9}},"type":"if","locations":[{"start":{"line":42,"column":8},"end":{"line":46,"column":9}},{"start":{"line":44,"column":15},"end":{"line":46,"column":9}}],"line":42}},"s":{"0":1,"1":4,"2":4,"3":4,"4":4,"5":4,"6":1,"7":3,"8":3,"9":1,"10":2,"11":2,"12":2,"13":0,"14":0,"15":0,"16":1},"f":{"0":4,"1":4},"b":{"0":[4],"1":[1,3],"2":[4,3,3,3],"3":[1,2],"4":[2,0]},"_coverageSchema":"1a1c01bbd47fc00a2c39e90264f33305004495a9","hash":"192c1c1adc6692de0bb09c70d8537ad5c1c19ad8"}
,"C:\\Users\\MrHen\\OneDrive\\Desktop\\projekt\\SmartWorkArt\\backend\\modules\\einrichtung\\routes.js": {"path":"C:\\Users\\MrHen\\OneDrive\\Desktop\\projekt\\SmartWorkArt\\backend\\modules\\einrichtung\\routes.js","statementMap":{"0":{"start":{"line":1,"column":16},"end":{"line":1,"column":34}},"1":{"start":{"line":2,"column":15},"end":{"line":2,"column":31}},"2":{"start":{"line":12,"column":4},"end":{"line":12,"column":27}},"3":{"start":{"line":15,"column":0},"end":{"line":15,"column":52}},"4":{"start":{"line":16,"column":0},"end":{"line":16,"column":36}},"5":{"start":{"line":17,"column":0},"end":{"line":17,"column":34}},"6":{"start":{"line":18,"column":0},"end":{"line":18,"column":35}},"7":{"start":{"line":19,"column":0},"end":{"line":19,"column":38}},"8":{"start":{"line":20,"column":0},"end":{"line":20,"column":41}},"9":{"start":{"line":22,"column":0},"end":{"line":22,"column":24}}},"fnMap":{},"branchMap":{},"s":{"0":0,"1":0,"2":0,"3":0,"4":0,"5":0,"6":0,"7":0,"8":0,"9":0},"f":{},"b":{}}
,"C:\\Users\\MrHen\\OneDrive\\Desktop\\projekt\\SmartWorkArt\\backend\\modules\\einrichtung\\controller\\createEinrichtung.js": {"path":"C:\\Users\\MrHen\\OneDrive\\Desktop\\projekt\\SmartWorkArt\\backend\\modules\\einrichtung\\controller\\createEinrichtung.js","statementMap":{"0":{"start":{"line":1,"column":11},"end":{"line":1,"column":33}},"1":{"start":{"line":2,"column":13},"end":{"line":2,"column":28}},"2":{"start":{"line":3,"column":23},"end":{"line":3,"column":38}},"3":{"start":{"line":4,"column":30},"end":{"line":4,"column":96}},"4":{"start":{"line":6,"column":26},"end":{"line":6,"column":106}},"5":{"start":{"line":14,"column":4},"end":{"line":39,"column":5}},"6":{"start":{"line":15,"column":36},"end":{"line":15,"column":44}},"7":{"start":{"line":18,"column":33},"end":{"line":18,"column":81}},"8":{"start":{"line":19,"column":8},"end":{"line":24,"column":9}},"9":{"start":{"line":20,"column":12},"end":{"line":23,"column":15}},"10":{"start":{"line":26,"column":21},"end":{"line":26,"column":65}},"11":{"start":{"line":27,"column":30},"end":{"line":27,"column":46}},"12":{"start":{"line":29,"column":32},"end":{"line":29,"column":74}},"13":{"start":{"line":30,"column":8},"end":{"line":30,"column":44}},"14":{"start":{"line":32,"column":8},"end":{"line":32,"column":86}},"15":{"start":{"line":34,"column":8},"end":{"line":34,"column":46}},"16":{"start":{"line":37,"column":8},"end":{"line":37,"column":71}},"17":{"start":{"line":38,"column":8},"end":{"line":38,"column":90}},"18":{"start":{"line":42,"column":0},"end":{"line":42,"column":39}}},"fnMap":{"0":{"name":"createEinrichtung","decl":{"start":{"line":13,"column":15},"end":{"line":13,"column":32}},"loc":{"start":{"line":13,"column":43},"end":{"line":40,"column":1}},"line":13}},"branchMap":{"0":{"loc":{"start":{"line":19,"column":8},"end":{"line":24,"column":9}},"type":"if","locations":[{"start":{"line":19,"column":8},"end":{"line":24,"column":9}},{"start":{},"end":{}}],"line":19}},"s":{"0":0,"1":0,"2":0,"3":0,"4":0,"5":0,"6":0,"7":0,"8":0,"9":0,"10":0,"11":0,"12":0,"13":0,"14":0,"15":0,"16":0,"17":0,"18":0},"f":{"0":0},"b":{"0":[0,0]}}
,"C:\\Users\\MrHen\\OneDrive\\Desktop\\projekt\\SmartWorkArt\\backend\\modules\\einrichtung\\controller\\deleteEinrichtung.js": {"path":"C:\\Users\\MrHen\\OneDrive\\Desktop\\projekt\\SmartWorkArt\\backend\\modules\\einrichtung\\controller\\deleteEinrichtung.js","statementMap":{"0":{"start":{"line":1,"column":11},"end":{"line":1,"column":33}},"1":{"start":{"line":2,"column":13},"end":{"line":2,"column":28}},"2":{"start":{"line":4,"column":26},"end":{"line":4,"column":106}},"3":{"start":{"line":12,"column":4},"end":{"line":35,"column":5}},"4":{"start":{"line":13,"column":23},"end":{"line":13,"column":33}},"5":{"start":{"line":14,"column":8},"end":{"line":16,"column":9}},"6":{"start":{"line":15,"column":12},"end":{"line":15,"column":76}},"7":{"start":{"line":18,"column":21},"end":{"line":18,"column":65}},"8":{"start":{"line":19,"column":28},"end":{"line":19,"column":44}},"9":{"start":{"line":21,"column":30},"end":{"line":21,"column":50}},"10":{"start":{"line":22,"column":8},"end":{"line":22,"column":63}},"11":{"start":{"line":22,"column":50},"end":{"line":22,"column":61}},"12":{"start":{"line":24,"column":8},"end":{"line":26,"column":9}},"13":{"start":{"line":25,"column":12},"end":{"line":25,"column":98}},"14":{"start":{"line":28,"column":8},"end":{"line":28,"column":86}},"15":{"start":{"line":30,"column":8},"end":{"line":30,"column":79}},"16":{"start":{"line":33,"column":8},"end":{"line":33,"column":69}},"17":{"start":{"line":34,"column":8},"end":{"line":34,"column":88}},"18":{"start":{"line":38,"column":0},"end":{"line":38,"column":39}}},"fnMap":{"0":{"name":"deleteEinrichtung","decl":{"start":{"line":11,"column":15},"end":{"line":11,"column":32}},"loc":{"start":{"line":11,"column":43},"end":{"line":36,"column":1}},"line":11},"1":{"name":"(anonymous_1)","decl":{"start":{"line":22,"column":45},"end":{"line":22,"column":46}},"loc":{"start":{"line":22,"column":50},"end":{"line":22,"column":61}},"line":22}},"branchMap":{"0":{"loc":{"start":{"line":14,"column":8},"end":{"line":16,"column":9}},"type":"if","locations":[{"start":{"line":14,"column":8},"end":{"line":16,"column":9}},{"start":{},"end":{}}],"line":14},"1":{"loc":{"start":{"line":24,"column":8},"end":{"line":26,"column":9}},"type":"if","locations":[{"start":{"line":24,"column":8},"end":{"line":26,"column":9}},{"start":{},"end":{}}],"line":24}},"s":{"0":0,"1":0,"2":0,"3":0,"4":0,"5":0,"6":0,"7":0,"8":0,"9":0,"10":0,"11":0,"12":0,"13":0,"14":0,"15":0,"16":0,"17":0,"18":0},"f":{"0":0,"1":0},"b":{"0":[0,0],"1":[0,0]}}
,"C:\\Users\\MrHen\\OneDrive\\Desktop\\projekt\\SmartWorkArt\\backend\\modules\\einrichtung\\controller\\getEinrichtung.js": {"path":"C:\\Users\\MrHen\\OneDrive\\Desktop\\projekt\\SmartWorkArt\\backend\\modules\\einrichtung\\controller\\getEinrichtung.js","statementMap":{"0":{"start":{"line":1,"column":11},"end":{"line":1,"column":33}},"1":{"start":{"line":2,"column":13},"end":{"line":2,"column":28}},"2":{"start":{"line":4,"column":26},"end":{"line":4,"column":106}},"3":{"start":{"line":12,"column":4},"end":{"line":26,"column":5}},"4":{"start":{"line":13,"column":23},"end":{"line":13,"column":33}},"5":{"start":{"line":14,"column":21},"end":{"line":14,"column":65}},"6":{"start":{"line":15,"column":30},"end":{"line":15,"column":46}},"7":{"start":{"line":16,"column":28},"end":{"line":16,"column":64}},"8":{"start":{"line":16,"column":52},"end":{"line":16,"column":63}},"9":{"start":{"line":18,"column":8},"end":{"line":22,"column":9}},"10":{"start":{"line":19,"column":12},"end":{"line":19,"column":46}},"11":{"start":{"line":21,"column":12},"end":{"line":21,"column":91}},"12":{"start":{"line":24,"column":8},"end":{"line":24,"column":69}},"13":{"start":{"line":25,"column":8},"end":{"line":25,"column":88}},"14":{"start":{"line":29,"column":0},"end":{"line":29,"column":36}}},"fnMap":{"0":{"name":"getEinrichtung","decl":{"start":{"line":11,"column":15},"end":{"line":11,"column":29}},"loc":{"start":{"line":11,"column":40},"end":{"line":27,"column":1}},"line":11},"1":{"name":"(anonymous_1)","decl":{"start":{"line":16,"column":47},"end":{"line":16,"column":48}},"loc":{"start":{"line":16,"column":52},"end":{"line":16,"column":63}},"line":16}},"branchMap":{"0":{"loc":{"start":{"line":18,"column":8},"end":{"line":22,"column":9}},"type":"if","locations":[{"start":{"line":18,"column":8},"end":{"line":22,"column":9}},{"start":{"line":20,"column":15},"end":{"line":22,"column":9}}],"line":18}},"s":{"0":0,"1":0,"2":0,"3":0,"4":0,"5":0,"6":0,"7":0,"8":0,"9":0,"10":0,"11":0,"12":0,"13":0,"14":0},"f":{"0":0,"1":0},"b":{"0":[0,0]}}
,"C:\\Users\\MrHen\\OneDrive\\Desktop\\projekt\\SmartWorkArt\\backend\\modules\\einrichtung\\controller\\getEinrichtungStammdaten.js": {"path":"C:\\Users\\MrHen\\OneDrive\\Desktop\\projekt\\SmartWorkArt\\backend\\modules\\einrichtung\\controller\\getEinrichtungStammdaten.js","statementMap":{"0":{"start":{"line":1,"column":11},"end":{"line":1,"column":33}},"1":{"start":{"line":2,"column":13},"end":{"line":2,"column":28}},"2":{"start":{"line":4,"column":23},"end":{"line":4,"column":114}},"3":{"start":{"line":12,"column":4},"end":{"line":18,"column":5}},"4":{"start":{"line":13,"column":21},"end":{"line":13,"column":62}},"5":{"start":{"line":14,"column":8},"end":{"line":14,"column":47}},"6":{"start":{"line":16,"column":8},"end":{"line":16,"column":79}},"7":{"start":{"line":17,"column":8},"end":{"line":17,"column":85}},"8":{"start":{"line":21,"column":0},"end":{"line":21,"column":46}}},"fnMap":{"0":{"name":"getEinrichtungStammdaten","decl":{"start":{"line":11,"column":15},"end":{"line":11,"column":39}},"loc":{"start":{"line":11,"column":50},"end":{"line":19,"column":1}},"line":11}},"branchMap":{},"s":{"0":0,"1":0,"2":0,"3":0,"4":0,"5":0,"6":0,"7":0,"8":0},"f":{"0":0},"b":{}}
,"C:\\Users\\MrHen\\OneDrive\\Desktop\\projekt\\SmartWorkArt\\backend\\modules\\einrichtung\\controller\\getEinrichtungen.js": {"path":"C:\\Users\\MrHen\\OneDrive\\Desktop\\projekt\\SmartWorkArt\\backend\\modules\\einrichtung\\controller\\getEinrichtungen.js","statementMap":{"0":{"start":{"line":1,"column":11},"end":{"line":1,"column":33}},"1":{"start":{"line":2,"column":13},"end":{"line":2,"column":28}},"2":{"start":{"line":4,"column":26},"end":{"line":4,"column":106}},"3":{"start":{"line":12,"column":4},"end":{"line":20,"column":5}},"4":{"start":{"line":13,"column":21},"end":{"line":13,"column":65}},"5":{"start":{"line":14,"column":30},"end":{"line":14,"column":46}},"6":{"start":{"line":16,"column":8},"end":{"line":16,"column":44}},"7":{"start":{"line":18,"column":8},"end":{"line":18,"column":69}},"8":{"start":{"line":19,"column":8},"end":{"line":19,"column":88}},"9":{"start":{"line":23,"column":0},"end":{"line":23,"column":38}}},"fnMap":{"0":{"name":"getEinrichtungen","decl":{"start":{"line":11,"column":15},"end":{"line":11,"column":31}},"loc":{"start":{"line":11,"column":42},"end":{"line":21,"column":1}},"line":11}},"branchMap":{},"s":{"0":0,"1":0,"2":0,"3":0,"4":0,"5":0,"6":0,"7":0,"8":0,"9":0},"f":{"0":0},"b":{}}
,"C:\\Users\\MrHen\\OneDrive\\Desktop\\projekt\\SmartWorkArt\\backend\\modules\\einrichtung\\controller\\index.js": {"path":"C:\\Users\\MrHen\\OneDrive\\Desktop\\projekt\\SmartWorkArt\\backend\\modules\\einrichtung\\controller\\index.js","statementMap":{"0":{"start":{"line":1,"column":30},"end":{"line":1,"column":60}},"1":{"start":{"line":2,"column":30},"end":{"line":2,"column":60}},"2":{"start":{"line":3,"column":27},"end":{"line":3,"column":54}},"3":{"start":{"line":4,"column":29},"end":{"line":4,"column":58}},"4":{"start":{"line":5,"column":37},"end":{"line":5,"column":74}},"5":{"start":{"line":6,"column":30},"end":{"line":6,"column":60}},"6":{"start":{"line":8,"column":0},"end":{"line":15,"column":2}}},"fnMap":{},"branchMap":{},"s":{"0":0,"1":0,"2":0,"3":0,"4":0,"5":0,"6":0},"f":{},"b":{}}
,"C:\\Users\\MrHen\\OneDrive\\Desktop\\projekt\\SmartWorkArt\\backend\\modules\\einrichtung\\controller\\updateEinrichtung.js": {"path":"C:\\Users\\MrHen\\OneDrive\\Desktop\\projekt\\SmartWorkArt\\backend\\modules\\einrichtung\\controller\\updateEinrichtung.js","statementMap":{"0":{"start":{"line":1,"column":11},"end":{"line":1,"column":33}},"1":{"start":{"line":2,"column":13},"end":{"line":2,"column":28}},"2":{"start":{"line":3,"column":30},"end":{"line":3,"column":96}},"3":{"start":{"line":5,"column":26},"end":{"line":5,"column":106}},"4":{"start":{"line":13,"column":4},"end":{"line":44,"column":5}},"5":{"start":{"line":14,"column":23},"end":{"line":14,"column":33}},"6":{"start":{"line":15,"column":28},"end":{"line":15,"column":36}},"7":{"start":{"line":18,"column":33},"end":{"line":18,"column":73}},"8":{"start":{"line":19,"column":8},"end":{"line":24,"column":9}},"9":{"start":{"line":20,"column":12},"end":{"line":23,"column":15}},"10":{"start":{"line":26,"column":21},"end":{"line":26,"column":65}},"11":{"start":{"line":27,"column":28},"end":{"line":27,"column":44}},"12":{"start":{"line":29,"column":22},"end":{"line":29,"column":63}},"13":{"start":{"line":29,"column":51},"end":{"line":29,"column":62}},"14":{"start":{"line":31,"column":8},"end":{"line":33,"column":9}},"15":{"start":{"line":32,"column":12},"end":{"line":32,"column":98}},"16":{"start":{"line":35,"column":8},"end":{"line":35,"column":68}},"17":{"start":{"line":37,"column":8},"end":{"line":37,"column":86}},"18":{"start":{"line":39,"column":8},"end":{"line":39,"column":51}},"19":{"start":{"line":42,"column":8},"end":{"line":42,"column":75}},"20":{"start":{"line":43,"column":8},"end":{"line":43,"column":94}},"21":{"start":{"line":47,"column":0},"end":{"line":47,"column":39}}},"fnMap":{"0":{"name":"updateEinrichtung","decl":{"start":{"line":12,"column":15},"end":{"line":12,"column":32}},"loc":{"start":{"line":12,"column":43},"end":{"line":45,"column":1}},"line":12},"1":{"name":"(anonymous_1)","decl":{"start":{"line":29,"column":46},"end":{"line":29,"column":47}},"loc":{"start":{"line":29,"column":51},"end":{"line":29,"column":62}},"line":29}},"branchMap":{"0":{"loc":{"start":{"line":19,"column":8},"end":{"line":24,"column":9}},"type":"if","locations":[{"start":{"line":19,"column":8},"end":{"line":24,"column":9}},{"start":{},"end":{}}],"line":19},"1":{"loc":{"start":{"line":31,"column":8},"end":{"line":33,"column":9}},"type":"if","locations":[{"start":{"line":31,"column":8},"end":{"line":33,"column":9}},{"start":{},"end":{}}],"line":31}},"s":{"0":0,"1":0,"2":0,"3":0,"4":0,"5":0,"6":0,"7":0,"8":0,"9":0,"10":0,"11":0,"12":0,"13":0,"14":0,"15":0,"16":0,"17":0,"18":0,"19":0,"20":0,"21":0},"f":{"0":0,"1":0},"b":{"0":[0,0],"1":[0,0]}}
,"C:\\Users\\MrHen\\OneDrive\\Desktop\\projekt\\SmartWorkArt\\backend\\modules\\menueplan\\routes.js": {"path":"C:\\Users\\MrHen\\OneDrive\\Desktop\\projekt\\SmartWorkArt\\backend\\modules\\menueplan\\routes.js","statementMap":{"0":{"start":{"line":1,"column":16},"end":{"line":1,"column":34}},"1":{"start":{"line":2,"column":15},"end":{"line":2,"column":31}},"2":{"start":{"line":3,"column":20},"end":{"line":3,"column":62}},"3":{"start":{"line":5,"column":25},"end":{"line":5,"column":61}},"4":{"start":{"line":6,"column":26},"end":{"line":6,"column":63}},"5":{"start":{"line":7,"column":35},"end":{"line":7,"column":85}},"6":{"start":{"line":8,"column":35},"end":{"line":8,"column":85}},"7":{"start":{"line":13,"column":0},"end":{"line":13,"column":53}},"8":{"start":{"line":18,"column":0},"end":{"line":18,"column":50}},"9":{"start":{"line":23,"column":0},"end":{"line":23,"column":52}},"10":{"start":{"line":28,"column":0},"end":{"line":28,"column":73}},"11":{"start":{"line":30,"column":0},"end":{"line":30,"column":24}}},"fnMap":{},"branchMap":{},"s":{"0":0,"1":0,"2":0,"3":0,"4":0,"5":0,"6":0,"7":0,"8":0,"9":0,"10":0,"11":0},"f":{},"b":{}}
,"C:\\Users\\MrHen\\OneDrive\\Desktop\\projekt\\SmartWorkArt\\backend\\modules\\menueplan\\controller\\getMenueplan.js": {"path":"C:\\Users\\MrHen\\OneDrive\\Desktop\\projekt\\SmartWorkArt\\backend\\modules\\menueplan\\controller\\getMenueplan.js","statementMap":{"0":{"start":{"line":1,"column":11},"end":{"line":1,"column":33}},"1":{"start":{"line":2,"column":13},"end":{"line":2,"column":28}},"2":{"start":{"line":4,"column":21},"end":{"line":26,"column":1}},"3":{"start":{"line":5,"column":27},"end":{"line":5,"column":37}},"4":{"start":{"line":6,"column":21},"end":{"line":6,"column":101}},"5":{"start":{"line":8,"column":4},"end":{"line":25,"column":5}},"6":{"start":{"line":9,"column":8},"end":{"line":9,"column":34}},"7":{"start":{"line":10,"column":21},"end":{"line":10,"column":56}},"8":{"start":{"line":11,"column":8},"end":{"line":11,"column":35}},"9":{"start":{"line":13,"column":8},"end":{"line":24,"column":9}},"10":{"start":{"line":16,"column":12},"end":{"line":20,"column":15}},"11":{"start":{"line":22,"column":12},"end":{"line":22,"column":74}},"12":{"start":{"line":23,"column":12},"end":{"line":23,"column":75}},"13":{"start":{"line":28,"column":0},"end":{"line":28,"column":34}}},"fnMap":{"0":{"name":"(anonymous_0)","decl":{"start":{"line":4,"column":21},"end":{"line":4,"column":22}},"loc":{"start":{"line":4,"column":41},"end":{"line":26,"column":1}},"line":4}},"branchMap":{"0":{"loc":{"start":{"line":13,"column":8},"end":{"line":24,"column":9}},"type":"if","locations":[{"start":{"line":13,"column":8},"end":{"line":24,"column":9}},{"start":{"line":21,"column":15},"end":{"line":24,"column":9}}],"line":13}},"s":{"0":0,"1":0,"2":0,"3":0,"4":0,"5":0,"6":0,"7":0,"8":0,"9":0,"10":0,"11":0,"12":0,"13":0},"f":{"0":0},"b":{"0":[0,0]}}
,"C:\\Users\\MrHen\\OneDrive\\Desktop\\projekt\\SmartWorkArt\\backend\\modules\\menueplan\\controller\\getMenueplanForEinrichtung.js": {"path":"C:\\Users\\MrHen\\OneDrive\\Desktop\\projekt\\SmartWorkArt\\backend\\modules\\menueplan\\controller\\getMenueplanForEinrichtung.js","statementMap":{"0":{"start":{"line":1,"column":11},"end":{"line":1,"column":24}},"1":{"start":{"line":2,"column":13},"end":{"line":2,"column":28}},"2":{"start":{"line":5,"column":23},"end":{"line":5,"column":27}},"3":{"start":{"line":12,"column":4},"end":{"line":38,"column":5}},"4":{"start":{"line":13,"column":8},"end":{"line":37,"column":9}},"5":{"start":{"line":14,"column":35},"end":{"line":14,"column":112}},"6":{"start":{"line":15,"column":25},"end":{"line":15,"column":75}},"7":{"start":{"line":16,"column":12},"end":{"line":16,"column":48}},"8":{"start":{"line":18,"column":12},"end":{"line":18,"column":93}},"9":{"start":{"line":20,"column":12},"end":{"line":36,"column":14}},"10":{"start":{"line":39,"column":4},"end":{"line":39,"column":28}},"11":{"start":{"line":48,"column":4},"end":{"line":50,"column":5}},"12":{"start":{"line":49,"column":8},"end":{"line":49,"column":24}},"13":{"start":{"line":52,"column":23},"end":{"line":52,"column":39}},"14":{"start":{"line":53,"column":34},"end":{"line":53,"column":84}},"15":{"start":{"line":55,"column":4},"end":{"line":55,"column":73}},"16":{"start":{"line":70,"column":35},"end":{"line":234,"column":1}},"17":{"start":{"line":71,"column":4},"end":{"line":233,"column":5}},"18":{"start":{"line":72,"column":59},"end":{"line":72,"column":68}},"19":{"start":{"line":74,"column":8},"end":{"line":78,"column":9}},"20":{"start":{"line":75,"column":12},"end":{"line":77,"column":15}},"21":{"start":{"line":81,"column":34},"end":{"line":81,"column":114}},"22":{"start":{"line":82,"column":30},"end":{"line":82,"column":84}},"23":{"start":{"line":83,"column":28},"end":{"line":83,"column":75}},"24":{"start":{"line":83,"column":52},"end":{"line":83,"column":74}},"25":{"start":{"line":85,"column":8},"end":{"line":87,"column":9}},"26":{"start":{"line":86,"column":12},"end":{"line":86,"column":81}},"27":{"start":{"line":90,"column":37},"end":{"line":90,"column":114}},"28":{"start":{"line":91,"column":33},"end":{"line":91,"column":90}},"29":{"start":{"line":94,"column":40},"end":{"line":94,"column":115}},"30":{"start":{"line":95,"column":36},"end":{"line":95,"column":96}},"31":{"start":{"line":98,"column":29},"end":{"line":98,"column":109}},"32":{"start":{"line":101,"column":28},"end":{"line":101,"column":33}},"33":{"start":{"line":103,"column":8},"end":{"line":109,"column":9}},"34":{"start":{"line":104,"column":12},"end":{"line":104,"column":73}},"35":{"start":{"line":107,"column":12},"end":{"line":107,"column":33}},"36":{"start":{"line":108,"column":12},"end":{"line":108,"column":71}},"37":{"start":{"line":112,"column":20},"end":{"line":112,"column":28}},"38":{"start":{"line":114,"column":8},"end":{"line":118,"column":9}},"39":{"start":{"line":115,"column":12},"end":{"line":115,"column":29}},"40":{"start":{"line":116,"column":15},"end":{"line":118,"column":9}},"41":{"start":{"line":117,"column":12},"end":{"line":117,"column":97}},"42":{"start":{"line":120,"column":34},"end":{"line":120,"column":83}},"43":{"start":{"line":122,"column":8},"end":{"line":124,"column":9}},"44":{"start":{"line":123,"column":12},"end":{"line":123,"column":106}},"45":{"start":{"line":126,"column":8},"end":{"line":126,"column":88}},"46":{"start":{"line":127,"column":8},"end":{"line":127,"column":89}},"47":{"start":{"line":130,"column":35},"end":{"line":133,"column":9}},"48":{"start":{"line":135,"column":27},"end":{"line":135,"column":108}},"49":{"start":{"line":137,"column":8},"end":{"line":206,"column":9}},"50":{"start":{"line":138,"column":28},"end":{"line":138,"column":46}},"51":{"start":{"line":142,"column":12},"end":{"line":149,"column":13}},"52":{"start":{"line":143,"column":44},"end":{"line":143,"column":121}},"53":{"start":{"line":143,"column":98},"end":{"line":143,"column":120}},"54":{"start":{"line":144,"column":16},"end":{"line":144,"column":69}},"55":{"start":{"line":145,"column":16},"end":{"line":145,"column":148}},"56":{"start":{"line":147,"column":16},"end":{"line":147,"column":60}},"57":{"start":{"line":148,"column":16},"end":{"line":148,"column":163}},"58":{"start":{"line":151,"column":12},"end":{"line":151,"column":35}},"59":{"start":{"line":151,"column":26},"end":{"line":151,"column":35}},"60":{"start":{"line":153,"column":34},"end":{"line":156,"column":13}},"61":{"start":{"line":159,"column":28},"end":{"line":159,"column":33}},"62":{"start":{"line":162,"column":12},"end":{"line":203,"column":13}},"63":{"start":{"line":163,"column":16},"end":{"line":163,"column":61}},"64":{"start":{"line":163,"column":52},"end":{"line":163,"column":61}},"65":{"start":{"line":166,"column":16},"end":{"line":200,"column":17}},"66":{"start":{"line":168,"column":20},"end":{"line":193,"column":21}},"67":{"start":{"line":169,"column":24},"end":{"line":169,"column":79}},"68":{"start":{"line":169,"column":70},"end":{"line":169,"column":79}},"69":{"start":{"line":172,"column":41},"end":{"line":172,"column":91}},"70":{"start":{"line":173,"column":41},"end":{"line":173,"column":91}},"71":{"start":{"line":175,"column":24},"end":{"line":191,"column":25}},"72":{"start":{"line":177,"column":28},"end":{"line":177,"column":88}},"73":{"start":{"line":178,"column":28},"end":{"line":178,"column":45}},"74":{"start":{"line":179,"column":31},"end":{"line":191,"column":25}},"75":{"start":{"line":181,"column":28},"end":{"line":181,"column":88}},"76":{"start":{"line":182,"column":28},"end":{"line":182,"column":45}},"77":{"start":{"line":183,"column":31},"end":{"line":191,"column":25}},"78":{"start":{"line":185,"column":28},"end":{"line":189,"column":31}},"79":{"start":{"line":190,"column":28},"end":{"line":190,"column":45}},"80":{"start":{"line":192,"column":24},"end":{"line":192,"column":33}},"81":{"start":{"line":196,"column":20},"end":{"line":199,"column":21}},"82":{"start":{"line":197,"column":24},"end":{"line":197,"column":85}},"83":{"start":{"line":197,"column":76},"end":{"line":197,"column":85}
[...]
{"line":23,"column":4},"end":{"line":43,"column":5}},"12":{"start":{"line":24,"column":22},"end":{"line":24,"column":38}},"13":{"start":{"line":25,"column":24},"end":{"line":25,"column":51}},"14":{"start":{"line":27,"column":27},"end":{"line":27,"column":78}},"15":{"start":{"line":27,"column":50},"end":{"line":27,"column":77}},"16":{"start":{"line":29,"column":8},"end":{"line":31,"column":9}},"17":{"start":{"line":30,"column":12},"end":{"line":30,"column":77}},"18":{"start":{"line":34,"column":8},"end":{"line":34,"column":45}},"19":{"start":{"line":36,"column":8},"end":{"line":36,"column":33}},"20":{"start":{"line":38,"column":8},"end":{"line":38,"column":31}},"21":{"start":{"line":41,"column":8},"end":{"line":41,"column":68}},"22":{"start":{"line":42,"column":8},"end":{"line":42,"column":86}},"23":{"start":{"line":46,"column":0},"end":{"line":46,"column":33}}},"fnMap":{"0":{"name":"readData","decl":{"start":{"line":6,"column":15},"end":{"line":6,"column":23}},"loc":{"start":{"line":6,"column":26},"end":{"line":16,"column":1}},"line":6},"1":{"name":"writeData","decl":{"start":{"line":18,"column":15},"end":{"line":18,"column":24}},"loc":{"start":{"line":18,"column":31},"end":{"line":20,"column":1}},"line":18},"2":{"name":"(anonymous_2)","decl":{"start":{"line":22,"column":20},"end":{"line":22,"column":21}},"loc":{"start":{"line":22,"column":40},"end":{"line":44,"column":1}},"line":22},"3":{"name":"(anonymous_3)","decl":{"start":{"line":27,"column":45},"end":{"line":27,"column":46}},"loc":{"start":{"line":27,"column":50},"end":{"line":27,"column":77}},"line":27}},"branchMap":{"0":{"loc":{"start":{"line":11,"column":8},"end":{"line":13,"column":9}},"type":"if","locations":[{"start":{"line":11,"column":8},"end":{"line":13,"column":9}},{"start":{},"end":{}}],"line":11},"1":{"loc":{"start":{"line":29,"column":8},"end":{"line":31,"column":9}},"type":"if","locations":[{"start":{"line":29,"column":8},"end":{"line":31,"column":9}},{"start":{},"end":{}}],"line":29}},"s":{"0":0,"1":0,"2":0,"3":0,"4":0,"5":0,"6":0,"7":0,"8":0,"9":0,"10":0,"11":0,"12":0,"13":0,"14":0,"15":0,"16":0,"17":0,"18":0,"19":0,"20":0,"21":0,"22":0,"23":0},"f":{"0":0,"1":0,"2":0,"3":0},"b":{"0":[0,0],"1":[0,0]}}
,"C:\\Users\\MrHen\\OneDrive\\Desktop\\projekt\\SmartWorkArt\\backend\\modules\\zutaten\\controller\\exportZutaten.js": {"path":"C:\\Users\\MrHen\\OneDrive\\Desktop\\projekt\\SmartWorkArt\\backend\\modules\\zutaten\\controller\\exportZutaten.js","statementMap":{"0":{"start":{"line":1,"column":13},"end":{"line":1,"column":28}},"1":{"start":{"line":2,"column":11},"end":{"line":2,"column":33}},"2":{"start":{"line":10,"column":22},"end":{"line":41,"column":1}},"3":{"start":{"line":11,"column":4},"end":{"line":40,"column":5}},"4":{"start":{"line":12,"column":25},"end":{"line":12,"column":96}},"5":{"start":{"line":14,"column":22},"end":{"line":14,"column":24}},"6":{"start":{"line":15,"column":8},"end":{"line":25,"column":9}},"7":{"start":{"line":16,"column":32},"end":{"line":16,"column":68}},"8":{"start":{"line":17,"column":12},"end":{"line":17,"column":46}},"9":{"start":{"line":20,"column":12},"end":{"line":24,"column":13}},"10":{"start":{"line":21,"column":16},"end":{"line":21,"column":84}},"11":{"start":{"line":23,"column":16},"end":{"line":23,"column":28}},"12":{"start":{"line":28,"column":30},"end":{"line":28,"column":71}},"13":{"start":{"line":28,"column":50},"end":{"line":28,"column":70}},"14":{"start":{"line":31,"column":8},"end":{"line":31,"column":58}},"15":{"start":{"line":32,"column":8},"end":{"line":32,"column":89}},"16":{"start":{"line":35,"column":8},"end":{"line":35,"column":69}},"17":{"start":{"line":38,"column":8},"end":{"line":38,"column":69}},"18":{"start":{"line":39,"column":8},"end":{"line":39,"column":88}},"19":{"start":{"line":43,"column":0},"end":{"line":43,"column":31}}},"fnMap":{"0":{"name":"(anonymous_0)","decl":{"start":{"line":10,"column":22},"end":{"line":10,"column":23}},"loc":{"start":{"line":10,"column":42},"end":{"line":41,"column":1}},"line":10},"1":{"name":"(anonymous_1)","decl":{"start":{"line":28,"column":45},"end":{"line":28,"column":46}},"loc":{"start":{"line":28,"column":50},"end":{"line":28,"column":70}},"line":28}},"branchMap":{"0":{"loc":{"start":{"line":20,"column":12},"end":{"line":24,"column":13}},"type":"if","locations":[{"start":{"line":20,"column":12},"end":{"line":24,"column":13}},{"start":{"line":22,"column":19},"end":{"line":24,"column":13}}],"line":20}},"s":{"0":0,"1":0,"2":0,"3":0,"4":0,"5":0,"6":0,"7":0,"8":0,"9":0,"10":0,"11":0,"12":0,"13":0,"14":0,"15":0,"16":0,"17":0,"18":0,"19":0},"f":{"0":0,"1":0},"b":{"0":[0,0]}}
,"C:\\Users\\MrHen\\OneDrive\\Desktop\\projekt\\SmartWorkArt\\backend\\modules\\zutaten\\controller\\getVorschlaege.js": {"path":"C:\\Users\\MrHen\\OneDrive\\Desktop\\projekt\\SmartWorkArt\\backend\\modules\\zutaten\\controller\\getVorschlaege.js","statementMap":{"0":{"start":{"line":1,"column":11},"end":{"line":1,"column":33}},"1":{"start":{"line":2,"column":13},"end":{"line":2,"column":28}},"2":{"start":{"line":5,"column":24},"end":{"line":5,"column":98}},"3":{"start":{"line":13,"column":4},"end":{"line":30,"column":5}},"4":{"start":{"line":14,"column":21},"end":{"line":14,"column":64}},"5":{"start":{"line":15,"column":33},"end":{"line":15,"column":49}},"6":{"start":{"line":18,"column":35},"end":{"line":24,"column":64}},"7":{"start":{"line":19,"column":12},"end":{"line":21,"column":13}},"8":{"start":{"line":20,"column":16},"end":{"line":20,"column":38}},"9":{"start":{"line":23,"column":12},"end":{"line":23,"column":24}},"10":{"start":{"line":24,"column":26},"end":{"line":24,"column":63}},"11":{"start":{"line":26,"column":8},"end":{"line":26,"column":49}},"12":{"start":{"line":28,"column":8},"end":{"line":28,"column":72}},"13":{"start":{"line":29,"column":8},"end":{"line":29,"column":85}},"14":{"start":{"line":33,"column":0},"end":{"line":33,"column":32}}},"fnMap":{"0":{"name":"getVorschlaege","decl":{"start":{"line":12,"column":15},"end":{"line":12,"column":29}},"loc":{"start":{"line":12,"column":40},"end":{"line":31,"column":1}},"line":12},"1":{"name":"(anonymous_1)","decl":{"start":{"line":18,"column":56},"end":{"line":18,"column":57}},"loc":{"start":{"line":18,"column":64},"end":{"line":24,"column":9}},"line":18},"2":{"name":"(anonymous_2)","decl":{"start":{"line":24,"column":18},"end":{"line":24,"column":19}},"loc":{"start":{"line":24,"column":26},"end":{"line":24,"column":63}},"line":24}},"branchMap":{"0":{"loc":{"start":{"line":19,"column":12},"end":{"line":21,"column":13}},"type":"if","locations":[{"start":{"line":19,"column":12},"end":{"line":21,"column":13}},{"start":{},"end":{}}],"line":19},"1":{"loc":{"start":{"line":24,"column":26},"end":{"line":24,"column":63}},"type":"binary-expr","locations":[{"start":{"line":24,"column":26},"end":{"line":24,"column":30}},{"start":{"line":24,"column":34},"end":{"line":24,"column":63}}],"line":24}},"s":{"0":0,"1":0,"2":0,"3":0,"4":0,"5":0,"6":0,"7":0,"8":0,"9":0,"10":0,"11":0,"12":0,"13":0,"14":0},"f":{"0":0,"1":0,"2":0},"b":{"0":[0,0],"1":[0,0]}}
,"C:\\Users\\MrHen\\OneDrive\\Desktop\\projekt\\SmartWorkArt\\backend\\modules\\zutaten\\controller\\getZutaten.js": {"path":"C:\\Users\\MrHen\\OneDrive\\Desktop\\projekt\\SmartWorkArt\\backend\\modules\\zutaten\\controller\\getZutaten.js","statementMap":{"0":{"start":{"line":1,"column":11},"end":{"line":1,"column":33}},"1":{"start":{"line":2,"column":13},"end":{"line":2,"column":28}},"2":{"start":{"line":5,"column":24},"end":{"line":5,"column":95}},"3":{"start":{"line":13,"column":4},"end":{"line":33,"column":5}},"4":{"start":{"line":14,"column":21},"end":{"line":14,"column":64}},"5":{"start":{"line":15,"column":22},"end":{"line":15,"column":38}},"6":{"start":{"line":18,"column":28},"end":{"line":18,"column":77}},"7":{"start":{"line":18,"column":52},"end":{"line":18,"column":76}},"8":{"start":{"line":22,"column":8},"end":{"line":27,"column":11}},"9":{"start":{"line":23,"column":12},"end":{"line":26,"column":14}},"10":{"start":{"line":29,"column":8},"end":{"line":29,"column":44}},"11":{"start":{"line":31,"column":8},"end":{"line":31,"column":69}},"12":{"start":{"line":32,"column":8},"end":{"line":32,"column":82}},"13":{"start":{"line":36,"column":0},"end":{"line":36,"column":28}}},"fnMap":{"0":{"name":"getZutaten","decl":{"start":{"line":12,"column":15},"end":{"line":12,"column":25}},"loc":{"start":{"line":12,"column":36},"end":{"line":34,"column":1}},"line":12},"1":{"name":"(anonymous_1)","decl":{"start":{"line":18,"column":43},"end":{"line":18,"column":44}},"loc":{"start":{"line":18,"column":52},"end":{"line":18,"column":76}},"line":18},"2":{"name":"(anonymous_2)","decl":{"start":{"line":22,"column":42},"end":{"line":22,"column":43}},"loc":{"start":{"line":22,"column":51},"end":{"line":27,"column":9}},"line":22}},"branchMap":{"0":{"loc":{"start":{"line":25,"column":25},"end":{"line":25,"column":65}},"type":"binary-expr","locations":[{"start":{"line":25,"column":25},"end":{"line":25,"column":56}},{"start":{"line":25,"column":60},"end":{"line":25,"column":65}}],"line":25}},"s":{"0":0,"1":0,"2":0,"3":0,"4":0,"5":0,"6":0,"7":0,"8":0,"9":0,"10":0,"11":0,"12":0,"13":0},"f":{"0":0,"1":0,"2":0},"b":{"0":[0,0]}}
,"C:\\Users\\MrHen\\OneDrive\\Desktop\\projekt\\SmartWorkArt\\backend\\modules\\zutaten\\controller\\getZutatenStammdaten.js": {"path":"C:\\Users\\MrHen\\OneDrive\\Desktop\\projekt\\SmartWorkArt\\backend\\modules\\zutaten\\controller\\getZutatenStammdaten.js","statementMap":{"0":{"start":{"line":1,"column":11},"end":{"line":1,"column":33}},"1":{"start":{"line":2,"column":13},"end":{"line":2,"column":28}},"2":{"start":{"line":5,"column":23},"end":{"line":5,"column":100}},"3":{"start":{"line":13,"column":4},"end":{"line":20,"column":5}},"4":{"start":{"line":14,"column":21},"end":{"line":14,"column":63}},"5":{"start":{"line":15,"column":27},"end":{"line":15,"column":43}},"6":{"start":{"line":16,"column":8},"end":{"line":16,"column":41}},"7":{"start":{"line":18,"column":8},"end":{"line":18,"column":74}},"8":{"start":{"line":19,"column":8},"end":{"line":19,"column":85}},"9":{"start":{"line":23,"column":0},"end":{"line":23,"column":38}}},"fnMap":{"0":{"name":"getZutatenStammdaten","decl":{"start":{"line":12,"column":15},"end":{"line":12,"column":35}},"loc":{"start":{"line":12,"column":46},"end":{"line":21,"column":1}},"line":12}},"branchMap":{},"s":{"0":0,"1":0,"2":0,"3":0,"4":0,"5":0,"6":0,"7":0,"8":0,"9":0},"f":{"0":0},"b":{}}
,"C:\\Users\\MrHen\\OneDrive\\Desktop\\projekt\\SmartWorkArt\\backend\\modules\\zutaten\\controller\\importZutaten.js": {"path":"C:\\Users\\MrHen\\OneDrive\\Desktop\\projekt\\SmartWorkArt\\backend\\modules\\zutaten\\controller\\importZutaten.js","statementMap":{"0":{"start":{"line":1,"column":13},"end":{"line":1,"column":28}},"1":{"start":{"line":2,"column":11},"end":{"line":2,"column":33}},"2":{"start":{"line":3,"column":23},"end":{"line":3,"column":38}},"3":{"start":{"line":4,"column":14},"end":{"line":4,"column":28}},"4":{"start":{"line":8,"column":26},"end":{"line":11,"column":16}},"5":{"start":{"line":17,"column":22},"end":{"line":81,"column":1}},"6":{"start":{"line":18,"column":4},"end":{"line":20,"column":5}},"7":{"start":{"line":19,"column":8},"end":{"line":19,"column":90}},"8":{"start":{"line":22,"column":4},"end":{"line":80,"column":5}},"9":{"start":{"line":23,"column":27},"end":{"line":23,"column":35}},"10":{"start":{"line":26,"column":33},"end":{"line":26,"column":81}},"11":{"start":{"line":27,"column":8},"end":{"line":32,"column":9}},"12":{"start":{"line":28,"column":12},"end":{"line":31,"column":15}},"13":{"start":{"line":34,"column":36},"end":{"line":34,"column":57}},"14":{"start":{"line":35,"column":25},"end":{"line":35,"column":96}},"15":{"start":{"line":37,"column":30},"end":{"line":37,"column":32}},"16":{"start":{"line":38,"column":8},"end":{"line":43,"column":9}},"17":{"start":{"line":39,"column":32},"end":{"line":39,"column":68}},"18":{"start":{"line":40,"column":12},"end":{"line":40,"column":54}},"19":{"start":{"line":42,"column":12},"end":{"line":42,"column":53}},"20":{"start":{"line":42,"column":41},"end":{"line":42,"column":53}},"21":{"start":{"line":45,"column":30},"end":{"line":45,"column":100}},"22":{"start":{"line":45,"column":63},"end":{"line":45,"column":98}},"23":{"start":{"line":46,"column":27},"end":{"line":46,"column":29}},"24":{"start":{"line":47,"column":27},"end":{"line":47,"column":28}},"25":{"start":{"line":49,"column":8},"end":{"line":64,"column":9}},"26":{"start":{"line":50,"column":35},"end":{"line":50,"column":74}},"27":{"start":{"line":51,"column":12},"end":{"line":63,"column":13}},"28":{"start":{"line":52,"column":33},"end":{"line":58,"column":17}},"29":{"start":{"line":59,"column":16},"end":{"line":59,"column":42}},"30":{"start":{"line":60,"column":16},"end":{"line":60,"column":50}},"31":{"start":{"line":62,"column":16},"end":{"line":62,"column":31}},"32":{"start":{"line":66,"column":8},"end":{"line":69,"column":9}},"33":{"start":{"line":67,"column":35},"end":{"line":67,"column":70}},"34":{"start":{"line":68,"column":12},"end":{"line":68,"column":91}},"35":{"start":{"line":71,"column":8},"end":{"line":75,"column":11}},"36":{"start":{"line":78,"column":8},"end":{"line":78,"column":69}},"37":{"start":{"line":79,"column":8},"end":{"line":79,"column":88}},"38":{"start":{"line":83,"column":0},"end":{"line":83,"column":31}}},"fnMap":{"0":{"name":"(anonymous_0)","decl":{"start":{"line":17,"column":22},"end":{"line":17,"column":23}},"loc":{"start":{"line":17,"column":42},"end":{"line":81,"column":1}},"line":17},"1":{"name":"(anonymous_1)","decl":{"start":{"line":45,"column":58},"end":{"line":45,"column":59}},"loc":{"start":{"line":45,"column":63},"end":{"line":45,"column":98}},"line":45}},"branchMap":{"0":{"loc":{"start":{"line":18,"column":4},"end":{"line":20,"column":5}},"type":"if","locations":[{"start":{"line":18,"column":4},"end":{"line":20,"column":5}},{"start":{},"end":{}}],"line":18},"1":{"loc":{"start":{"line":27,"column":8},"end":{"line":32,"column":9}},"type":"if","locations":[{"start":{"line":27,"column":8},"end":{"line":32,"column":9}},{"start":{},"end":{}}],"line":27},"2":{"loc":{"start":{"line":42,"column":12},"end":{"line":42,"column":53}},"type":"if","locations":[{"start":{"line":42,"column":12},"end":{"line":42,"column":53}},{"start":{},"end":{}}],"line":42},"3":{"loc":{"start":{"line":45,"column":64},"end":{"line":45,"column":76}},"type":"binary-expr","locations":[{"start":{"line":45,"column":64},"end":{"line":45,"column":70}},{"start":{"line":45,"column":74},"end":{"line":45,"column":76}}],"line":45},"4":{"loc":{"start":{"line":50,"column":36},"end":{"line":50,"column":52}},"type":"binary-expr","locations":[{"start":{"line":50,"column":36},"end":{"line":50,"column":46}},{"start":{"line":50,"column":50},"end":{"line":50,"column":52}}],"line":50},"5":{"loc":{"start":{"line":51,"column":12},"end":{"line":63,"column":13}},"type":"if","locations":[{"start":{"line":51,"column":12},"end":{"line":63,"column":13}},{"start":{"line":61,"column":19},"end":{"line":63,"column":13}}],"line":51},"6":{"loc":{"start":{"line":51,"column":16},"end":{"line":51,"column":68}},"type":"binary-expr","locations":[{"start":{"line":51,"column":16},"end":{"line":51,"column":30}},{"start":{"line":51,"column":34},"end":{"line":51,"column":68}}],"line":51},"7":{"loc":{"start":{"line":66,"column":8},"end":{"line":69,"column":9}},"type":"if","locations":[{"start":{"line":66,"column":8},"end":{"line":69,"column":9}},{"start":{},"end":{}}],"line":66}},"s":{"0":0,"1":0,"2":0,"3":0,"4":0,"5":0,"6":0,"7":0,"8":0,"9":0,"10":0,"11":0,"12":0,"13":0,"14":0,"15":0,"16":0,"17":0,"18":0,"19":0,"20":0,"21":0,"22":0,"23":0,"24":0,"25":0,"26":0,"27":0,"28":0,"29":0,"30":0,"31":0,"32":0,"33":0,"34":0,"35":0,"36":0,"37":0,"38":0},"f":{"0":0,"1":0},"b":{"0":[0,0],"1":[0,0],"2":[0,0],"3":[0,0],"4":[0,0],"5":[0,0],"6":[0,0],"7":[0,0]}}
,"C:\\Users\\MrHen\\OneDrive\\Desktop\\projekt\\SmartWorkArt\\backend\\modules\\zutaten\\controller\\updateZutat.js": {"path":"C:\\Users\\MrHen\\OneDrive\\Desktop\\projekt\\SmartWorkArt\\backend\\modules\\zutaten\\controller\\updateZutat.js","statementMap":{"0":{"start":{"line":1,"column":11},"end":{"line":1,"column":33}},"1":{"start":{"line":2,"column":13},"end":{"line":2,"column":28}},"2":{"start":{"line":4,"column":21},"end":{"line":4,"column":92}},"3":{"start":{"line":7,"column":4},"end":{"line":15,"column":5}},"4":{"start":{"line":8,"column":21},"end":{"line":8,"column":61}},"5":{"start":{"line":9,"column":8},"end":{"line":9,"column":32}},"6":{"start":{"line":11,"column":8},"end":{"line":13,"column":9}},"7":{"start":{"line":12,"column":12},"end":{"line":12,"column":22}},"8":{"start":{"line":14,"column":8},"end":{"line":14,"column":20}},"9":{"start":{"line":19,"column":4},"end":{"line":19,"column":77}},"10":{"start":{"line":22,"column":20},"end":{"line":68,"column":1}},"11":{"start":{"line":23,"column":4},"end":{"line":67,"column":5}},"12":{"start":{"line":24,"column":24},"end":{"line":24,"column":40}},"13":{"start":{"line":25,"column":24},"end":{"line":25,"column":51}},"14":{"start":{"line":26,"column":87},"end":{"line":26,"column":95}},"15":{"start":{"line":28,"column":27},"end":{"line":28,"column":78}},"16":{"start":{"line":28,"column":50},"end":{"line":28,"column":77}},"17":{"start":{"line":30,"column":8},"end":{"line":32,"column":9}},"18":{"start":{"line":31,"column":12},"end":{"line":31,"column":77}},"19":{"start":{"line":35,"column":30},"end":{"line":50,"column":9}},"20":{"start":{"line":53,"column":8},"end":{"line":53,"column":41}},"21":{"start":{"line":54,"column":8},"end":{"line":54,"column":42}},"22":{"start":{"line":55,"column":8},"end":{"line":55,"column":48}},"23":{"start":{"line":58,"column":8},"end":{"line":58,"column":44}},"24":{"start":{"line":60,"column":8},"end":{"line":60,"column":33}},"25":{"start":{"line":62,"column":8},"end":{"line":62,"column":44}},"26":{"start":{"line":65,"column":8},"end":{"line":65,"column":69}},"27":{"start":{"line":66,"column":8},"end":{"line":66,"column":87}},"28":{"start":{"line":70,"column":0},"end":{"line":70,"column":33}}},"fnMap":{"0":{"name":"readData","decl":{"start":{"line":6,"column":15},"end":{"line":6,"column":23}},"loc":{"start":{"line":6,"column":26},"end":{"line":16,"column":1}},"line":6},"1":{"name":"writeData","decl":{"start":{"line":18,"column":15},"end":{"line":18,"column":24}},"loc":{"start":{"line":18,"column":31},"end":{"line":20,"column":1}},"line":18},"2":{"name":"(anonymous_2)","decl":{"start":{"line":22,"column":20},"end":{"line":22,"column":21}},"loc":{"start":{"line":22,"column":40},"end":{"line":68,"column":1}},"line":22},"3":{"name":"(anonymous_3)","decl":{"start":{"line":28,"column":45},"end":{"line":28,"column":46}},"loc":{"start":{"line":28,"column":50},"end":{"line":28,"column":77}},"line":28}},"branchMap":{"0":{"loc":{"start":{"line":11,"column":8},"end":{"line":13,"column":9}},"type":"if","locations":[{"start":{"line":11,"column":8},"end":{"line":13,"column":9}},{"start":{},"end":{}}],"line":11},"1":{"loc":{"start":{"line":30,"column":8},"end":{"line":32,"column":9}},"type":"if","locations":[{"start":{"line":30,"column":8},"end":{"line":32,"column":9}},{"start":{},"end":{}}],"line":30},"2":{"loc":{"start":{"line":47,"column":23},"end":{"line":47,"column":38}},"type":"binary-expr","locations":[{"start":{"line":47,"column":23},"end":{"line":47,"column":32}},{"start":{"line":47,"column":36},"end":{"line":47,"column":38}}],"line":47},"3":{"loc":{"start":{"line":48,"column":24},"end":{"line":48,"column":40}},"type":"binary-expr","locations":[{"start":{"line":48,"column":24},"end":{"line":48,"column":34}},{"start":{"line":48,"column":38},"end":{"line":48,"column":40}}],"line":48}},"s":{"0":0,"1":0,"2":0,"3":0,"4":0,"5":0,"6":0,"7":0,"8":0,"9":0,"10":0,"11":0,"12":0,"13":0,"14":0,"15":0,"16":0,"17":0,"18":0,"19":0,"20":0,"21":0,"22":0,"23":0,"24":0,"25":0,"26":0,"27":0,"28":0},"f":{"0":0,"1":0,"2":0,"3":0},"b":{"0":[0,0],"1":[0,0],"2":[0,0],"3":[0,0]}}
}
